#
# There is insufficient memory for the Java Runtime Environment to continue.
# Native memory allocation (malloc) failed to allocate 938176 bytes for Chunk::new
# Possible reasons:
#   The system is out of physical RAM or swap space
#   The process is running with CompressedOops enabled, and the Java Heap may be blocking the growth of the native heap
# Possible solutions:
#   Reduce memory load on the system
#   Increase physical memory or swap space
#   Check if swap backing store is full
#   Decrease Java heap size (-Xmx/-Xms)
#   Decrease number of Java threads
#   Decrease Java thread stack sizes (-Xss)
#   Set larger code cache with -XX:ReservedCodeCacheSize=
#   JVM is running with Unscaled Compressed Oops mode in which the Java heap is
#     placed in the first 4GB address space. The Java Heap base address is the
#     maximum limit for the native heap growth. Please use -XX:HeapBaseMinAddress
#     to set the Java Heap base and to place the Java Heap above 4GB virtual address.
# This output file may be truncated or incomplete.
#
#  Out of Memory Error (arena.cpp:189), pid=20408, tid=11332
#
# JRE version: OpenJDK Runtime Environment (17.0.6) (build 17.0.6+0-b2043.56-10027231)
# Java VM: OpenJDK 64-Bit Server VM (17.0.6+0-b2043.56-10027231, mixed mode, tiered, compressed oops, compressed class ptrs, g1 gc, windows-amd64)
# No core dump will be written. Minidumps are not enabled by default on client versions of Windows
#

---------------  S U M M A R Y ------------

Command Line: --add-exports=java.base/sun.nio.ch=ALL-UNNAMED --add-opens=java.base/java.lang=ALL-UNNAMED --add-opens=java.base/java.lang.reflect=ALL-UNNAMED --add-opens=java.base/java.io=ALL-UNNAMED --add-exports=jdk.unsupported/sun.misc=ALL-UNNAMED --add-opens=java.base/java.util=ALL-UNNAMED --add-opens=java.base/java.lang=ALL-UNNAMED --add-opens=java.base/java.lang.invoke=ALL-UNNAMED --add-opens=java.base/java.util=ALL-UNNAMED --add-opens=java.prefs/java.util.prefs=ALL-UNNAMED --add-opens=java.prefs/java.util.prefs=ALL-UNNAMED --add-opens=java.base/java.nio.charset=ALL-UNNAMED --add-opens=java.base/java.net=ALL-UNNAMED --add-opens=java.base/java.util.concurrent.atomic=ALL-UNNAMED -Xmx1536M -Dfile.encoding=windows-1252 -Duser.country=US -Duser.language=en -Duser.variant -Xmx512M org.gradle.launcher.daemon.bootstrap.GradleDaemon 7.2

Host: 11th Gen Intel(R) Core(TM) i7-1165G7 @ 2.80GHz, 8 cores, 15G,  Windows 11 , 64 bit Build 22621 (10.0.22621.2428)
Time: Fri Nov  3 21:05:16 2023 SE Asia Standard Time elapsed time: 81.891237 seconds (0d 0h 1m 21s)

---------------  T H R E A D  ---------------

Current thread (0x0000027df23ba2e0):  JavaThread "C2 CompilerThread1" daemon [_thread_in_native, id=11332, stack(0x000000ef4c800000,0x000000ef4c900000)]


Current CompileTask:
C2:  81891 10705       4       org.gradle.internal.logging.sink.OutputEventTransformer::onOutput (399 bytes)

Stack: [0x000000ef4c800000,0x000000ef4c900000]
Native frames: (J=compiled Java code, j=interpreted, Vv=VM code, C=native code)
V  [jvm.dll+0x683c9a]
V  [jvm.dll+0x8427a4]
V  [jvm.dll+0x843f9e]
V  [jvm.dll+0x844603]
V  [jvm.dll+0x249b75]
V  [jvm.dll+0xabcac]
V  [jvm.dll+0xac27c]
V  [jvm.dll+0x2b0eef]
V  [jvm.dll+0x58a267]
V  [jvm.dll+0x2243b2]
V  [jvm.dll+0x21dd02]
V  [jvm.dll+0x21b51b]
V  [jvm.dll+0x1a4fdd]
V  [jvm.dll+0x22b098]
V  [jvm.dll+0x229159]
V  [jvm.dll+0x7f81ec]
V  [jvm.dll+0x7f274a]
V  [jvm.dll+0x682ad5]
C  [ucrtbase.dll+0x29363]
C  [KERNEL32.DLL+0x1257d]
C  [ntdll.dll+0x5aa78]


---------------  P R O C E S S  ---------------

Threads class SMR info:
_java_thread_list=0x0000027df9122c80, length=125, elements={
0x0000027dd8f1dff0, 0x0000027df202d650, 0x0000027df202dd20, 0x0000027df208d9a0,
0x0000027df208e360, 0x0000027df208ed10, 0x0000027df208f6c0, 0x0000027df2083d10,
0x0000027df2087b10, 0x0000027df2088410, 0x0000027df2207680, 0x0000027df222a610,
0x0000027df4a97600, 0x0000027df327a680, 0x0000027df373ed20, 0x0000027df35450f0,
0x0000027df3548110, 0x0000027df3547c40, 0x0000027df3545f60, 0x0000027df3546430,
0x0000027df3546900, 0x0000027df3546dd0, 0x0000027df7f4cd80, 0x0000027df7f4d720,
0x0000027df7f4d250, 0x0000027df7f4ba40, 0x0000027df7f4b570, 0x0000027df7f4dbf0,
0x0000027df7f4abd0, 0x0000027df7f4c3e0, 0x0000027df9461260, 0x0000027df5a1c4a0,
0x0000027df91f4280, 0x0000027df91f4750, 0x0000027df9793a20, 0x0000027df5a1d7e0,
0x0000027df5a1c970, 0x0000027df5a1dcb0, 0x0000027df5a1fe60, 0x0000027df5a1a2f0,
0x0000027df5a18ae0, 0x0000027df5a1e650, 0x0000027df23ba2e0, 0x0000027df5a1b630,
0x0000027df5764710, 0x0000027df97943c0, 0x0000027df9793ef0, 0x0000027df9794890,
0x0000027df9793080, 0x0000027df9793550, 0x0000027dfb5213c0, 0x0000027dfb51ded0,
0x0000027dfb520080, 0x0000027dfb520550, 0x0000027dfb520ef0, 0x0000027dfb520a20,
0x0000027dfb51e3a0, 0x0000027dfb51da00, 0x0000027dfb51e870, 0x0000027dfb51ed40,
0x0000027dfb51f210, 0x0000027dfb51f6e0, 0x0000027dfb51fbb0, 0x0000027df91b02a0,
0x0000027df91b0770, 0x0000027df91b0c40, 0x0000027df91ae0f0, 0x0000027df91afdd0,
0x0000027df91af430, 0x0000027df91ae5c0, 0x0000027df91b1ab0, 0x0000027df91aef60,
0x0000027df91af900, 0x0000027df91aea90, 0x0000027df91b1110, 0x0000027df91b15e0,
0x0000027dfc2e57c0, 0x0000027dfc2e6fd0, 0x0000027dfc2e6630, 0x0000027dfc2e5c90,
0x0000027dfc2e7970, 0x0000027dfbc48940, 0x0000027dfbc48470, 0x0000027dfbc48e10,
0x0000027dfbc47fa0, 0x0000027dfc2e6160, 0x0000027dfc2e52f0, 0x0000027dfc2e74a0,
0x0000027dfc2e7e40, 0x0000027dfc2e4e20, 0x0000027dfc2e4480, 0x0000027dfc2e6b00,
0x0000027dfc2e4950, 0x0000027df48bf630, 0x0000027df48bf160, 0x0000027df48be7c0,
0x0000027df48bfb00, 0x0000027df48bec90, 0x0000027df48be2f0, 0x0000027df891b930,
0x0000027df891d140, 0x0000027df891c2d0, 0x0000027df891dae0, 0x0000027df891dfb0,
0x0000027df891be00, 0x0000027df891c7a0, 0x0000027df891cc70, 0x0000027df891e950,
0x0000027df891b460, 0x0000027df891d610, 0x0000027df891af90, 0x0000027df891e480,
0x0000027dfc09faa0, 0x0000027dfc0a0910, 0x0000027dfc0a0440, 0x0000027dfc0a12b0,
0x0000027dfc0a1780, 0x0000027dfc0a1c50, 0x0000027dfc09ff70, 0x0000027dfc09e290,
0x0000027dfc0a0de0, 0x0000027dfc09e760, 0x0000027dfc09ec30, 0x0000027dfc09f5d0,
0x0000027dfc09f100
}

Java Threads: ( => current thread )
  0x0000027dd8f1dff0 JavaThread "main" [_thread_blocked, id=18592, stack(0x000000ef49200000,0x000000ef49300000)]
  0x0000027df202d650 JavaThread "Reference Handler" daemon [_thread_blocked, id=9000, stack(0x000000ef49900000,0x000000ef49a00000)]
  0x0000027df202dd20 JavaThread "Finalizer" daemon [_thread_blocked, id=17856, stack(0x000000ef49a00000,0x000000ef49b00000)]
  0x0000027df208d9a0 JavaThread "Signal Dispatcher" daemon [_thread_blocked, id=11204, stack(0x000000ef49b00000,0x000000ef49c00000)]
  0x0000027df208e360 JavaThread "Attach Listener" daemon [_thread_blocked, id=20432, stack(0x000000ef49c00000,0x000000ef49d00000)]
  0x0000027df208ed10 JavaThread "Service Thread" daemon [_thread_blocked, id=17940, stack(0x000000ef49d00000,0x000000ef49e00000)]
  0x0000027df208f6c0 JavaThread "Monitor Deflation Thread" daemon [_thread_blocked, id=5636, stack(0x000000ef49e00000,0x000000ef49f00000)]
  0x0000027df2083d10 JavaThread "C2 CompilerThread0" daemon [_thread_in_native, id=13660, stack(0x000000ef49f00000,0x000000ef4a000000)]
  0x0000027df2087b10 JavaThread "C1 CompilerThread0" daemon [_thread_blocked, id=15652, stack(0x000000ef4a000000,0x000000ef4a100000)]
  0x0000027df2088410 JavaThread "Sweeper thread" daemon [_thread_blocked, id=1396, stack(0x000000ef4a100000,0x000000ef4a200000)]
  0x0000027df2207680 JavaThread "Common-Cleaner" daemon [_thread_blocked, id=11236, stack(0x000000ef4a200000,0x000000ef4a300000)]
  0x0000027df222a610 JavaThread "Notification Thread" daemon [_thread_blocked, id=9308, stack(0x000000ef4a300000,0x000000ef4a400000)]
  0x0000027df4a97600 JavaThread "Daemon health stats" [_thread_blocked, id=11788, stack(0x000000ef4ac00000,0x000000ef4ad00000)]
  0x0000027df327a680 JavaThread "Incoming local TCP Connector on port 58993" [_thread_in_native, id=20660, stack(0x000000ef4ad00000,0x000000ef4ae00000)]
  0x0000027df373ed20 JavaThread "Daemon periodic checks" [_thread_blocked, id=21400, stack(0x000000ef4ae00000,0x000000ef4af00000)]
  0x0000027df35450f0 JavaThread "Cache worker for journal cache (C:\Users\Kieu Mai\.gradle\caches\journal-1)" [_thread_blocked, id=20208, stack(0x000000ef4b900000,0x000000ef4ba00000)]
  0x0000027df3548110 JavaThread "File lock request listener" [_thread_in_native, id=14116, stack(0x000000ef4ba00000,0x000000ef4bb00000)]
  0x0000027df3547c40 JavaThread "Cache worker for file hash cache (C:\Users\Kieu Mai\.gradle\caches\7.2\fileHashes)" [_thread_blocked, id=21416, stack(0x000000ef4bb00000,0x000000ef4bc00000)]
  0x0000027df3545f60 JavaThread "File watcher server" daemon [_thread_in_native, id=12004, stack(0x000000ef4bd00000,0x000000ef4be00000)]
  0x0000027df3546430 JavaThread "File watcher consumer" daemon [_thread_blocked, id=13320, stack(0x000000ef4be00000,0x000000ef4bf00000)]
  0x0000027df3546900 JavaThread "jar transforms" [_thread_blocked, id=11056, stack(0x000000ef4bf00000,0x000000ef4c000000)]
  0x0000027df3546dd0 JavaThread "jar transforms Thread 2" [_thread_blocked, id=20212, stack(0x000000ef4c000000,0x000000ef4c100000)]
  0x0000027df7f4cd80 JavaThread "jar transforms Thread 3" [_thread_blocked, id=6832, stack(0x000000ef4c100000,0x000000ef4c200000)]
  0x0000027df7f4d720 JavaThread "jar transforms Thread 4" [_thread_blocked, id=20720, stack(0x000000ef4c200000,0x000000ef4c300000)]
  0x0000027df7f4d250 JavaThread "jar transforms Thread 5" [_thread_blocked, id=17464, stack(0x000000ef4c300000,0x000000ef4c400000)]
  0x0000027df7f4ba40 JavaThread "jar transforms Thread 6" [_thread_blocked, id=18672, stack(0x000000ef4c400000,0x000000ef4c500000)]
  0x0000027df7f4b570 JavaThread "jar transforms Thread 7" [_thread_blocked, id=2332, stack(0x000000ef4c500000,0x000000ef4c600000)]
  0x0000027df7f4dbf0 JavaThread "jar transforms Thread 8" [_thread_blocked, id=13332, stack(0x000000ef4c600000,0x000000ef4c700000)]
  0x0000027df7f4abd0 JavaThread "Cache worker for execution history cache (C:\Users\Kieu Mai\.gradle\caches\7.2\executionHistory)" [_thread_blocked, id=19512, stack(0x000000ef4ca00000,0x000000ef4cb00000)]
  0x0000027df7f4c3e0 JavaThread "Cache worker for file content cache (C:\Users\Kieu Mai\.gradle\caches\7.2\fileContent)" [_thread_blocked, id=19980, stack(0x000000ef4cb00000,0x000000ef4cc00000)]
  0x0000027df9461260 JavaThread "Memory manager" [_thread_blocked, id=7676, stack(0x000000ef51e00000,0x000000ef51f00000)]
  0x0000027df5a1c4a0 JavaThread "Daemon Thread 2" [_thread_blocked, id=17964, stack(0x000000ef48f00000,0x000000ef49000000)]
  0x0000027df91f4280 JavaThread "Handler for socket connection from /127.0.0.1:58993 to /127.0.0.1:59023" [_thread_in_native, id=14308, stack(0x000000ef49000000,0x000000ef49100000)]
  0x0000027df91f4750 JavaThread "Cancel handler" [_thread_blocked, id=20700, stack(0x000000ef49100000,0x000000ef49200000)]
  0x0000027df9793a20 JavaThread "Daemon worker Thread 2" [_thread_blocked, id=21468, stack(0x000000ef4af00000,0x000000ef4b000000)]
  0x0000027df5a1d7e0 JavaThread "Asynchronous log dispatcher for DefaultDaemonConnection: socket connection from /127.0.0.1:58993 to /127.0.0.1:59023" [_thread_blocked, id=20796, stack(0x000000ef4b000000,0x000000ef4b100000)]
  0x0000027df5a1c970 JavaThread "Stdin handler" [_thread_blocked, id=18540, stack(0x000000ef4b100000,0x000000ef4b200000)]
  0x0000027df5a1dcb0 JavaThread "Daemon client event forwarder" [_thread_blocked, id=19092, stack(0x000000ef4b200000,0x000000ef4b300000)]
  0x0000027df5a1fe60 JavaThread "Cache worker for file hash cache (D:\BuiMai\AiLaTrieuPhu\AiLaTrieuPhu\.gradle\7.2\fileHashes)" [_thread_blocked, id=3928, stack(0x000000ef4b300000,0x000000ef4b400000)]
  0x0000027df5a1a2f0 JavaThread "Cache worker for checksums cache (D:\BuiMai\AiLaTrieuPhu\AiLaTrieuPhu\.gradle\checksums)" [_thread_blocked, id=13408, stack(0x000000ef4b400000,0x000000ef4b500000)]
  0x0000027df5a18ae0 JavaThread "Cache worker for cache directory md-rule (C:\Users\Kieu Mai\.gradle\caches\7.2\md-rule)" [_thread_blocked, id=1144, stack(0x000000ef4bc00000,0x000000ef4bd00000)]
  0x0000027df5a1e650 JavaThread "Cache worker for dependencies-accessors (D:\BuiMai\AiLaTrieuPhu\AiLaTrieuPhu\.gradle\7.2\dependencies-accessors)" [_thread_blocked, id=8460, stack(0x000000ef4c700000,0x000000ef4c800000)]
=>0x0000027df23ba2e0 JavaThread "C2 CompilerThread1" daemon [_thread_in_native, id=11332, stack(0x000000ef4c800000,0x000000ef4c900000)]
  0x0000027df5a1b630 JavaThread "Cache worker for Build Output Cleanup Cache (D:\BuiMai\AiLaTrieuPhu\AiLaTrieuPhu\.gradle\buildOutputCleanup)" [_thread_blocked, id=20484, stack(0x000000ef4c900000,0x000000ef4ca00000)]
  0x0000027df5764710 JavaThread "C2 CompilerThread2" daemon [_thread_in_native, id=19696, stack(0x000000ef4cc00000,0x000000ef4cd00000)]
  0x0000027df97943c0 JavaThread "Unconstrained build operations" [_thread_blocked, id=11004, stack(0x000000ef4cd00000,0x000000ef4ce00000)]
  0x0000027df9793ef0 JavaThread "Unconstrained build operations Thread 2" [_thread_blocked, id=20860, stack(0x000000ef4ce00000,0x000000ef4cf00000)]
  0x0000027df9794890 JavaThread "Unconstrained build operations Thread 3" [_thread_blocked, id=10796, stack(0x000000ef4cf00000,0x000000ef4d000000)]
  0x0000027df9793080 JavaThread "Unconstrained build operations Thread 4" [_thread_blocked, id=15552, stack(0x000000ef4d000000,0x000000ef4d100000)]
  0x0000027df9793550 JavaThread "Unconstrained build operations Thread 5" [_thread_blocked, id=18104, stack(0x000000ef4d100000,0x000000ef4d200000)]
  0x0000027dfb5213c0 JavaThread "Unconstrained build operations Thread 6" [_thread_blocked, id=19936, stack(0x000000ef4d200000,0x000000ef4d300000)]
  0x0000027dfb51ded0 JavaThread "Unconstrained build operations Thread 7" [_thread_blocked, id=3432, stack(0x000000ef4d300000,0x000000ef4d400000)]
  0x0000027dfb520080 JavaThread "Unconstrained build operations Thread 8" [_thread_blocked, id=17796, stack(0x000000ef4d400000,0x000000ef4d500000)]
  0x0000027dfb520550 JavaThread "Unconstrained build operations Thread 9" [_thread_blocked, id=19496, stack(0x000000ef4d500000,0x000000ef4d600000)]
  0x0000027dfb520ef0 JavaThread "Unconstrained build operations Thread 10" [_thread_blocked, id=10980, stack(0x000000ef4d600000,0x000000ef4d700000)]
  0x0000027dfb520a20 JavaThread "Unconstrained build operations Thread 11" [_thread_blocked, id=14428, stack(0x000000ef4d700000,0x000000ef4d800000)]
  0x0000027dfb51e3a0 JavaThread "Unconstrained build operations Thread 12" [_thread_blocked, id=21064, stack(0x000000ef4d800000,0x000000ef4d900000)]
  0x0000027dfb51da00 JavaThread "Unconstrained build operations Thread 13" [_thread_blocked, id=6088, stack(0x000000ef4d900000,0x000000ef4da00000)]
  0x0000027dfb51e870 JavaThread "Unconstrained build operations Thread 14" [_thread_blocked, id=18148, stack(0x000000ef4da00000,0x000000ef4db00000)]
  0x0000027dfb51ed40 JavaThread "Unconstrained build operations Thread 15" [_thread_blocked, id=18512, stack(0x000000ef4db00000,0x000000ef4dc00000)]
  0x0000027dfb51f210 JavaThread "Unconstrained build operations Thread 16" [_thread_blocked, id=7048, stack(0x000000ef4dc00000,0x000000ef4dd00000)]
  0x0000027dfb51f6e0 JavaThread "Unconstrained build operations Thread 17" [_thread_blocked, id=17696, stack(0x000000ef4dd00000,0x000000ef4de00000)]
  0x0000027dfb51fbb0 JavaThread "Unconstrained build operations Thread 18" [_thread_blocked, id=9892, stack(0x000000ef4de00000,0x000000ef4df00000)]
  0x0000027df91b02a0 JavaThread "Unconstrained build operations Thread 19" [_thread_blocked, id=15840, stack(0x000000ef4df00000,0x000000ef4e000000)]
  0x0000027df91b0770 JavaThread "Unconstrained build operations Thread 20" [_thread_blocked, id=12488, stack(0x000000ef4e000000,0x000000ef4e100000)]
  0x0000027df91b0c40 JavaThread "Unconstrained build operations Thread 21" [_thread_blocked, id=12700, stack(0x000000ef4e100000,0x000000ef4e200000)]
  0x0000027df91ae0f0 JavaThread "Unconstrained build operations Thread 22" [_thread_blocked, id=18468, stack(0x000000ef4e200000,0x000000ef4e300000)]
  0x0000027df91afdd0 JavaThread "Unconstrained build operations Thread 23" [_thread_blocked, id=17968, stack(0x000000ef4e300000,0x000000ef4e400000)]
  0x0000027df91af430 JavaThread "Unconstrained build operations Thread 24" [_thread_blocked, id=10884, stack(0x000000ef4e400000,0x000000ef4e500000)]
  0x0000027df91ae5c0 JavaThread "Unconstrained build operations Thread 25" [_thread_blocked, id=19288, stack(0x000000ef4e500000,0x000000ef4e600000)]
  0x0000027df91b1ab0 JavaThread "Unconstrained build operations Thread 26" [_thread_blocked, id=18784, stack(0x000000ef4e600000,0x000000ef4e700000)]
  0x0000027df91aef60 JavaThread "Unconstrained build operations Thread 27" [_thread_blocked, id=16412, stack(0x000000ef4e700000,0x000000ef4e800000)]
  0x0000027df91af900 JavaThread "Unconstrained build operations Thread 28" [_thread_blocked, id=836, stack(0x000000ef4e800000,0x000000ef4e900000)]
  0x0000027df91aea90 JavaThread "Unconstrained build operations Thread 29" [_thread_blocked, id=2296, stack(0x000000ef4e900000,0x000000ef4ea00000)]
  0x0000027df91b1110 JavaThread "Unconstrained build operations Thread 30" [_thread_blocked, id=17508, stack(0x000000ef4ea00000,0x000000ef4eb00000)]
  0x0000027df91b15e0 JavaThread "Unconstrained build operations Thread 31" [_thread_blocked, id=15564, stack(0x000000ef4eb00000,0x000000ef4ec00000)]
  0x0000027dfc2e57c0 JavaThread "Unconstrained build operations Thread 32" [_thread_blocked, id=18952, stack(0x000000ef4ec00000,0x000000ef4ed00000)]
  0x0000027dfc2e6fd0 JavaThread "Unconstrained build operations Thread 33" [_thread_blocked, id=11208, stack(0x000000ef4ed00000,0x000000ef4ee00000)]
  0x0000027dfc2e6630 JavaThread "Unconstrained build operations Thread 34" [_thread_blocked, id=2008, stack(0x000000ef4ee00000,0x000000ef4ef00000)]
  0x0000027dfc2e5c90 JavaThread "Unconstrained build operations Thread 35" [_thread_blocked, id=18560, stack(0x000000ef4ef00000,0x000000ef4f000000)]
  0x0000027dfc2e7970 JavaThread "Unconstrained build operations Thread 36" [_thread_blocked, id=13120, stack(0x000000ef4f000000,0x000000ef4f100000)]
  0x0000027dfbc48940 JavaThread "Unconstrained build operations Thread 37" [_thread_blocked, id=8004, stack(0x000000ef4f100000,0x000000ef4f200000)]
  0x0000027dfbc48470 JavaThread "Unconstrained build operations Thread 38" [_thread_blocked, id=18988, stack(0x000000ef4f200000,0x000000ef4f300000)]
  0x0000027dfbc48e10 JavaThread "Unconstrained build operations Thread 39" [_thread_blocked, id=8288, stack(0x000000ef4f300000,0x000000ef4f400000)]
  0x0000027dfbc47fa0 JavaThread "Unconstrained build operations Thread 40" [_thread_blocked, id=5048, stack(0x000000ef4f400000,0x000000ef4f500000)]
  0x0000027dfc2e6160 JavaThread "Unconstrained build operations Thread 41" [_thread_blocked, id=12420, stack(0x000000ef4f500000,0x000000ef4f600000)]
  0x0000027dfc2e52f0 JavaThread "Unconstrained build operations Thread 42" [_thread_blocked, id=3388, stack(0x000000ef4f600000,0x000000ef4f700000)]
  0x0000027dfc2e74a0 JavaThread "Unconstrained build operations Thread 43" [_thread_blocked, id=14716, stack(0x000000ef4f700000,0x000000ef4f800000)]
  0x0000027dfc2e7e40 JavaThread "Unconstrained build operations Thread 44" [_thread_blocked, id=20464, stack(0x000000ef4f800000,0x000000ef4f900000)]
  0x0000027dfc2e4e20 JavaThread "Unconstrained build operations Thread 45" [_thread_blocked, id=10680, stack(0x000000ef4f900000,0x000000ef4fa00000)]
  0x0000027dfc2e4480 JavaThread "Unconstrained build operations Thread 46" [_thread_blocked, id=6116, stack(0x000000ef4fa00000,0x000000ef4fb00000)]
  0x0000027dfc2e6b00 JavaThread "Unconstrained build operations Thread 47" [_thread_blocked, id=3296, stack(0x000000ef4fb00000,0x000000ef4fc00000)]
  0x0000027dfc2e4950 JavaThread "Unconstrained build operations Thread 48" [_thread_blocked, id=21464, stack(0x000000ef4fc00000,0x000000ef4fd00000)]
  0x0000027df48bf630 JavaThread "Unconstrained build operations Thread 49" [_thread_blocked, id=2848, stack(0x000000ef4fd00000,0x000000ef4fe00000)]
  0x0000027df48bf160 JavaThread "Unconstrained build operations Thread 50" [_thread_blocked, id=11432, stack(0x000000ef4fe00000,0x000000ef4ff00000)]
  0x0000027df48be7c0 JavaThread "Unconstrained build operations Thread 51" [_thread_blocked, id=16884, stack(0x000000ef4ff00000,0x000000ef50000000)]
  0x0000027df48bfb00 JavaThread "Unconstrained build operations Thread 52" [_thread_blocked, id=19476, stack(0x000000ef50000000,0x000000ef50100000)]
  0x0000027df48bec90 JavaThread "Unconstrained build operations Thread 53" [_thread_blocked, id=8812, stack(0x000000ef50100000,0x000000ef50200000)]
  0x0000027df48be2f0 JavaThread "Unconstrained build operations Thread 54" [_thread_blocked, id=9704, stack(0x000000ef50200000,0x000000ef50300000)]
  0x0000027df891b930 JavaThread "Unconstrained build operations Thread 55" [_thread_blocked, id=9660, stack(0x000000ef50300000,0x000000ef50400000)]
  0x0000027df891d140 JavaThread "Unconstrained build operations Thread 56" [_thread_blocked, id=17536, stack(0x000000ef50400000,0x000000ef50500000)]
  0x0000027df891c2d0 JavaThread "Unconstrained build operations Thread 57" [_thread_blocked, id=20832, stack(0x000000ef50500000,0x000000ef50600000)]
  0x0000027df891dae0 JavaThread "Unconstrained build operations Thread 58" [_thread_blocked, id=2796, stack(0x000000ef50600000,0x000000ef50700000)]
  0x0000027df891dfb0 JavaThread "Unconstrained build operations Thread 59" [_thread_blocked, id=11320, stack(0x000000ef50700000,0x000000ef50800000)]
  0x0000027df891be00 JavaThread "Unconstrained build operations Thread 60" [_thread_blocked, id=19828, stack(0x000000ef50800000,0x000000ef50900000)]
  0x0000027df891c7a0 JavaThread "Unconstrained build operations Thread 61" [_thread_blocked, id=19900, stack(0x000000ef50900000,0x000000ef50a00000)]
  0x0000027df891cc70 JavaThread "Unconstrained build operations Thread 62" [_thread_blocked, id=18004, stack(0x000000ef50a00000,0x000000ef50b00000)]
  0x0000027df891e950 JavaThread "Unconstrained build operations Thread 63" [_thread_blocked, id=20920, stack(0x000000ef50b00000,0x000000ef50c00000)]
  0x0000027df891b460 JavaThread "Unconstrained build operations Thread 64" [_thread_blocked, id=11296, stack(0x000000ef50c00000,0x000000ef50d00000)]
  0x0000027df891d610 JavaThread "Unconstrained build operations Thread 65" [_thread_blocked, id=19572, stack(0x000000ef50d00000,0x000000ef50e00000)]
  0x0000027df891af90 JavaThread "Unconstrained build operations Thread 66" [_thread_blocked, id=17540, stack(0x000000ef50e00000,0x000000ef50f00000)]
  0x0000027df891e480 JavaThread "Unconstrained build operations Thread 67" [_thread_blocked, id=18156, stack(0x000000ef50f00000,0x000000ef51000000)]
  0x0000027dfc09faa0 JavaThread "Unconstrained build operations Thread 68" [_thread_blocked, id=13728, stack(0x000000ef51000000,0x000000ef51100000)]
  0x0000027dfc0a0910 JavaThread "Unconstrained build operations Thread 69" [_thread_blocked, id=8472, stack(0x000000ef51100000,0x000000ef51200000)]
  0x0000027dfc0a0440 JavaThread "Unconstrained build operations Thread 70" [_thread_blocked, id=9688, stack(0x000000ef51200000,0x000000ef51300000)]
  0x0000027dfc0a12b0 JavaThread "Unconstrained build operations Thread 71" [_thread_blocked, id=20284, stack(0x000000ef51300000,0x000000ef51400000)]
  0x0000027dfc0a1780 JavaThread "Unconstrained build operations Thread 72" [_thread_blocked, id=10668, stack(0x000000ef51400000,0x000000ef51500000)]
  0x0000027dfc0a1c50 JavaThread "Unconstrained build operations Thread 73" [_thread_blocked, id=19668, stack(0x000000ef51500000,0x000000ef51600000)]
  0x0000027dfc09ff70 JavaThread "Unconstrained build operations Thread 74" [_thread_blocked, id=4400, stack(0x000000ef51600000,0x000000ef51700000)]
  0x0000027dfc09e290 JavaThread "Unconstrained build operations Thread 75" [_thread_blocked, id=19820, stack(0x000000ef51700000,0x000000ef51800000)]
  0x0000027dfc0a0de0 JavaThread "Unconstrained build operations Thread 76" [_thread_blocked, id=11796, stack(0x000000ef51800000,0x000000ef51900000)]
  0x0000027dfc09e760 JavaThread "Unconstrained build operations Thread 77" [_thread_blocked, id=6444, stack(0x000000ef51900000,0x000000ef51a00000)]
  0x0000027dfc09ec30 JavaThread "Unconstrained build operations Thread 78" [_thread_blocked, id=14424, stack(0x000000ef51a00000,0x000000ef51b00000)]
  0x0000027dfc09f5d0 JavaThread "Unconstrained build operations Thread 79" [_thread_blocked, id=17312, stack(0x000000ef51b00000,0x000000ef51c00000)]
  0x0000027dfc09f100 JavaThread "Unconstrained build operations Thread 80" [_thread_blocked, id=18152, stack(0x000000ef51c00000,0x000000ef51d00000)]

Other Threads:
  0x0000027df165e4a0 VMThread "VM Thread" [stack: 0x000000ef49800000,0x000000ef49900000] [id=17500]
  0x0000027df2208160 WatcherThread [stack: 0x000000ef4a400000,0x000000ef4a500000] [id=19056]
  0x0000027ddb12a060 GCTaskThread "GC Thread#0" [stack: 0x000000ef49300000,0x000000ef49400000] [id=11948]
  0x0000027df2ae7040 GCTaskThread "GC Thread#1" [stack: 0x000000ef4a700000,0x000000ef4a800000] [id=18680]
  0x0000027df2ae72f0 GCTaskThread "GC Thread#2" [stack: 0x000000ef4a800000,0x000000ef4a900000] [id=20900]
  0x0000027df2ef4890 GCTaskThread "GC Thread#3" [stack: 0x000000ef4a900000,0x000000ef4aa00000] [id=8920]
  0x0000027df30e7a40 GCTaskThread "GC Thread#4" [stack: 0x000000ef4aa00000,0x000000ef4ab00000] [id=20756]
  0x0000027df3168640 GCTaskThread "GC Thread#5" [stack: 0x000000ef4ab00000,0x000000ef4ac00000] [id=2748]
  0x0000027df31670c0 GCTaskThread "GC Thread#6" [stack: 0x000000ef4b600000,0x000000ef4b700000] [id=716]
  0x0000027df3167370 GCTaskThread "GC Thread#7" [stack: 0x000000ef4b700000,0x000000ef4b800000] [id=13972]
  0x0000027ddb12ee40 ConcurrentGCThread "G1 Main Marker" [stack: 0x000000ef49400000,0x000000ef49500000] [id=8416]
  0x0000027ddb12f6f0 ConcurrentGCThread "G1 Conc#0" [stack: 0x000000ef49500000,0x000000ef49600000] [id=20176]
  0x0000027df3167620 ConcurrentGCThread "G1 Conc#1" [stack: 0x000000ef4b800000,0x000000ef4b900000] [id=21492]
  0x0000027df1516190 ConcurrentGCThread "G1 Refine#0" [stack: 0x000000ef49600000,0x000000ef49700000] [id=8276]
  0x0000027df1517a60 ConcurrentGCThread "G1 Service" [stack: 0x000000ef49700000,0x000000ef49800000] [id=10216]

Threads with active compile tasks:
C2 CompilerThread0    81909 10680       4       java.lang.Class::annotationData (44 bytes)
C2 CompilerThread1    81909 10705       4       org.gradle.internal.logging.sink.OutputEventTransformer::onOutput (399 bytes)
C2 CompilerThread2    81909 10671       4       java.beans.Introspector::addPropertyDescriptor (265 bytes)

VM state: not at safepoint (normal execution)

VM Mutex/Monitor currently owned by a thread: None

OutOfMemory and StackOverflow Exception counts:
OutOfMemoryError java_heap_errors=1
LinkageErrors=215

Heap address: 0x00000000e0000000, size: 512 MB, Compressed Oops mode: 32-bit

CDS archive(s) not mapped
Compressed class space mapped at: 0x0000000100000000-0x0000000140000000, reserved size: 1073741824
Narrow klass base: 0x0000000000000000, Narrow klass shift: 3, Narrow klass range: 0x140000000

GC Precious Log:
 CPUs: 8 total, 8 available
 Memory: 16110M
 Large Page Support: Disabled
 NUMA Support: Disabled
 Compressed Oops: Enabled (32-bit)
 Heap Region Size: 1M
 Heap Min Capacity: 8M
 Heap Initial Capacity: 252M
 Heap Max Capacity: 512M
 Pre-touch: Disabled
 Parallel Workers: 8
 Concurrent Workers: 2
 Concurrent Refinement Workers: 8
 Periodic GC: Disabled

Heap:
 garbage-first heap   total 220160K, used 182429K [0x00000000e0000000, 0x0000000100000000)
  region size 1024K, 55 young (56320K), 6 survivors (6144K)
 Metaspace       used 100179K, committed 100992K, reserved 1138688K
  class space    used 13349K, committed 13760K, reserved 1048576K

Heap Regions: E=young(eden), S=young(survivor), O=old, HS=humongous(starts), HC=humongous(continues), CS=collection set, F=free, OA=open archive, CA=closed archive, TAMS=top-at-mark-start (previous, next)
|   0|0x00000000e0000000, 0x00000000e0100000, 0x00000000e0100000|100%| O|  |TAMS 0x00000000e0100000, 0x00000000e0000000| Untracked 
|   1|0x00000000e0100000, 0x00000000e0200000, 0x00000000e0200000|100%| O|  |TAMS 0x00000000e0200000, 0x00000000e0100000| Untracked 
|   2|0x00000000e0200000, 0x00000000e0300000, 0x00000000e0300000|100%| O|  |TAMS 0x00000000e0300000, 0x00000000e0200000| Untracked 
|   3|0x00000000e0300000, 0x00000000e0400000, 0x00000000e0400000|100%|HS|  |TAMS 0x00000000e0400000, 0x00000000e0300000| Complete 
|   4|0x00000000e0400000, 0x00000000e0500000, 0x00000000e0500000|100%|HC|  |TAMS 0x00000000e0500000, 0x00000000e0400000| Complete 
|   5|0x00000000e0500000, 0x00000000e0600000, 0x00000000e0600000|100%|HC|  |TAMS 0x00000000e0600000, 0x00000000e0500000| Complete 
|   6|0x00000000e0600000, 0x00000000e0700000, 0x00000000e0700000|100%| O|  |TAMS 0x00000000e0700000, 0x00000000e0600000| Untracked 
|   7|0x00000000e0700000, 0x00000000e0800000, 0x00000000e0800000|100%| O|  |TAMS 0x00000000e0800000, 0x00000000e0700000| Untracked 
|   8|0x00000000e0800000, 0x00000000e0900000, 0x00000000e0900000|100%| O|  |TAMS 0x00000000e0900000, 0x00000000e0800000| Untracked 
|   9|0x00000000e0900000, 0x00000000e0a00000, 0x00000000e0a00000|100%| O|  |TAMS 0x00000000e0a00000, 0x00000000e0900000| Untracked 
|  10|0x00000000e0a00000, 0x00000000e0b00000, 0x00000000e0b00000|100%| O|  |TAMS 0x00000000e0b00000, 0x00000000e0a00000| Untracked 
|  11|0x00000000e0b00000, 0x00000000e0c00000, 0x00000000e0c00000|100%| O|  |TAMS 0x00000000e0c00000, 0x00000000e0b00000| Untracked 
|  12|0x00000000e0c00000, 0x00000000e0d00000, 0x00000000e0d00000|100%| O|  |TAMS 0x00000000e0d00000, 0x00000000e0c00000| Untracked 
|  13|0x00000000e0d00000, 0x00000000e0e00000, 0x00000000e0e00000|100%| O|  |TAMS 0x00000000e0e00000, 0x00000000e0d00000| Untracked 
|  14|0x00000000e0e00000, 0x00000000e0f00000, 0x00000000e0f00000|100%| O|  |TAMS 0x00000000e0f00000, 0x00000000e0e00000| Untracked 
|  15|0x00000000e0f00000, 0x00000000e1000000, 0x00000000e1000000|100%| O|  |TAMS 0x00000000e1000000, 0x00000000e0f00000| Untracked 
|  16|0x00000000e1000000, 0x00000000e1100000, 0x00000000e1100000|100%| O|  |TAMS 0x00000000e1100000, 0x00000000e1000000| Untracked 
|  17|0x00000000e1100000, 0x00000000e1200000, 0x00000000e1200000|100%| O|  |TAMS 0x00000000e1200000, 0x00000000e1100000| Untracked 
|  18|0x00000000e1200000, 0x00000000e1300000, 0x00000000e1300000|100%| O|  |TAMS 0x00000000e1300000, 0x00000000e1200000| Untracked 
|  19|0x00000000e1300000, 0x00000000e1400000, 0x00000000e1400000|100%| O|  |TAMS 0x00000000e1400000, 0x00000000e1300000| Untracked 
|  20|0x00000000e1400000, 0x00000000e1500000, 0x00000000e1500000|100%|HS|  |TAMS 0x00000000e1500000, 0x00000000e1400000| Complete 
|  21|0x00000000e1500000, 0x00000000e1600000, 0x00000000e1600000|100%|HC|  |TAMS 0x00000000e1600000, 0x00000000e1500000| Complete 
|  22|0x00000000e1600000, 0x00000000e1700000, 0x00000000e1700000|100%|HS|  |TAMS 0x00000000e1700000, 0x00000000e1600000| Complete 
|  23|0x00000000e1700000, 0x00000000e1800000, 0x00000000e1800000|100%|HC|  |TAMS 0x00000000e1800000, 0x00000000e1700000| Complete 
|  24|0x00000000e1800000, 0x00000000e1900000, 0x00000000e1900000|100%|HC|  |TAMS 0x00000000e1900000, 0x00000000e1800000| Complete 
|  25|0x00000000e1900000, 0x00000000e1a00000, 0x00000000e1a00000|100%|HS|  |TAMS 0x00000000e1a00000, 0x00000000e1900000| Complete 
|  26|0x00000000e1a00000, 0x00000000e1b00000, 0x00000000e1b00000|100%|HC|  |TAMS 0x00000000e1b00000, 0x00000000e1a00000| Complete 
|  27|0x00000000e1b00000, 0x00000000e1c00000, 0x00000000e1c00000|100%|HC|  |TAMS 0x00000000e1c00000, 0x00000000e1b00000| Complete 
|  28|0x00000000e1c00000, 0x00000000e1d00000, 0x00000000e1d00000|100%|HS|  |TAMS 0x00000000e1d00000, 0x00000000e1c00000| Complete 
|  29|0x00000000e1d00000, 0x00000000e1e00000, 0x00000000e1e00000|100%|HC|  |TAMS 0x00000000e1e00000, 0x00000000e1d00000| Complete 
|  30|0x00000000e1e00000, 0x00000000e1f00000, 0x00000000e1f00000|100%|HC|  |TAMS 0x00000000e1f00000, 0x00000000e1e00000| Complete 
|  31|0x00000000e1f00000, 0x00000000e2000000, 0x00000000e2000000|100%|HC|  |TAMS 0x00000000e2000000, 0x00000000e1f00000| Complete 
|  32|0x00000000e2000000, 0x00000000e2100000, 0x00000000e2100000|100%|HC|  |TAMS 0x00000000e2100000, 0x00000000e2000000| Complete 
|  33|0x00000000e2100000, 0x00000000e2200000, 0x00000000e2200000|100%|HC|  |TAMS 0x00000000e2200000, 0x00000000e2100000| Complete 
|  34|0x00000000e2200000, 0x00000000e2300000, 0x00000000e2300000|100%|HC|  |TAMS 0x00000000e2300000, 0x00000000e2200000| Complete 
|  35|0x00000000e2300000, 0x00000000e2400000, 0x00000000e2400000|100%|HC|  |TAMS 0x00000000e2400000, 0x00000000e2300000| Complete 
|  36|0x00000000e2400000, 0x00000000e2500000, 0x00000000e2500000|100%|HC|  |TAMS 0x00000000e2500000, 0x00000000e2400000| Complete 
|  37|0x00000000e2500000, 0x00000000e2600000, 0x00000000e2600000|100%|HC|  |TAMS 0x00000000e2600000, 0x00000000e2500000| Complete 
|  38|0x00000000e2600000, 0x00000000e2700000, 0x00000000e2700000|100%|HC|  |TAMS 0x00000000e2700000, 0x00000000e2600000| Complete 
|  39|0x00000000e2700000, 0x00000000e2800000, 0x00000000e2800000|100%|HC|  |TAMS 0x00000000e2800000, 0x00000000e2700000| Complete 
|  40|0x00000000e2800000, 0x00000000e2900000, 0x00000000e2900000|100%| O|  |TAMS 0x00000000e2900000, 0x00000000e2800000| Untracked 
|  41|0x00000000e2900000, 0x00000000e2a00000, 0x00000000e2a00000|100%| O|  |TAMS 0x00000000e2a00000, 0x00000000e2900000| Untracked 
|  42|0x00000000e2a00000, 0x00000000e2b00000, 0x00000000e2b00000|100%|HS|  |TAMS 0x00000000e2b00000, 0x00000000e2a00000| Complete 
|  43|0x00000000e2b00000, 0x00000000e2c00000, 0x00000000e2c00000|100%|HC|  |TAMS 0x00000000e2c00000, 0x00000000e2b00000| Complete 
|  44|0x00000000e2c00000, 0x00000000e2d00000, 0x00000000e2d00000|100%| O|  |TAMS 0x00000000e2d00000, 0x00000000e2c00000| Untracked 
|  45|0x00000000e2d00000, 0x00000000e2e00000, 0x00000000e2e00000|100%| O|  |TAMS 0x00000000e2e00000, 0x00000000e2d00000| Untracked 
|  46|0x00000000e2e00000, 0x00000000e2f00000, 0x00000000e2f00000|100%| O|  |TAMS 0x00000000e2f00000, 0x00000000e2e00000| Untracked 
|  47|0x00000000e2f00000, 0x00000000e3000000, 0x00000000e3000000|100%| O|  |TAMS 0x00000000e3000000, 0x00000000e2f00000| Untracked 
|  48|0x00000000e3000000, 0x00000000e3100000, 0x00000000e3100000|100%| O|  |TAMS 0x00000000e3100000, 0x00000000e3000000| Untracked 
|  49|0x00000000e3100000, 0x00000000e3200000, 0x00000000e3200000|100%| O|  |TAMS 0x00000000e3200000, 0x00000000e3100000| Untracked 
|  50|0x00000000e3200000, 0x00000000e3300000, 0x00000000e3300000|100%| O|  |TAMS 0x00000000e3300000, 0x00000000e3200000| Untracked 
|  51|0x00000000e3300000, 0x00000000e3400000, 0x00000000e3400000|100%|HS|  |TAMS 0x00000000e3400000, 0x00000000e3300000| Complete 
|  52|0x00000000e3400000, 0x00000000e3500000, 0x00000000e3500000|100%|HC|  |TAMS 0x00000000e3500000, 0x00000000e3400000| Complete 
|  53|0x00000000e3500000, 0x00000000e3600000, 0x00000000e3600000|100%|HC|  |TAMS 0x00000000e3600000, 0x00000000e3500000| Complete 
|  54|0x00000000e3600000, 0x00000000e3700000, 0x00000000e3700000|100%| O|  |TAMS 0x00000000e3700000, 0x00000000e3600000| Untracked 
|  55|0x00000000e3700000, 0x00000000e3800000, 0x00000000e3800000|100%|HS|  |TAMS 0x00000000e3800000, 0x00000000e3700000| Complete 
|  56|0x00000000e3800000, 0x00000000e3900000, 0x00000000e3900000|100%|HC|  |TAMS 0x00000000e3900000, 0x00000000e3800000| Complete 
|  57|0x00000000e3900000, 0x00000000e3a00000, 0x00000000e3a00000|100%|HC|  |TAMS 0x00000000e3a00000, 0x00000000e3900000| Complete 
|  58|0x00000000e3a00000, 0x00000000e3b00000, 0x00000000e3b00000|100%| O|  |TAMS 0x00000000e3b00000, 0x00000000e3a00000| Untracked 
|  59|0x00000000e3b00000, 0x00000000e3c00000, 0x00000000e3c00000|100%| O|  |TAMS 0x00000000e3c00000, 0x00000000e3b00000| Untracked 
|  60|0x00000000e3c00000, 0x00000000e3d00000, 0x00000000e3d00000|100%| O|  |TAMS 0x00000000e3d00000, 0x00000000e3c00000| Untracked 
|  61|0x00000000e3d00000, 0x00000000e3e00000, 0x00000000e3e00000|100%| O|  |TAMS 0x00000000e3e00000, 0x00000000e3d00000| Untracked 
|  62|0x00000000e3e00000, 0x00000000e3f00000, 0x00000000e3f00000|100%| O|  |TAMS 0x00000000e3f00000, 0x00000000e3e00000| Untracked 
|  63|0x00000000e3f00000, 0x00000000e4000000, 0x00000000e4000000|100%| O|  |TAMS 0x00000000e4000000, 0x00000000e3f00000| Untracked 
|  64|0x00000000e4000000, 0x00000000e4100000, 0x00000000e4100000|100%| O|  |TAMS 0x00000000e4100000, 0x00000000e4000000| Untracked 
|  65|0x00000000e4100000, 0x00000000e4200000, 0x00000000e4200000|100%| O|  |TAMS 0x00000000e4200000, 0x00000000e4100000| Untracked 
|  66|0x00000000e4200000, 0x00000000e4300000, 0x00000000e4300000|100%| O|  |TAMS 0x00000000e4300000, 0x00000000e4200000| Untracked 
|  67|0x00000000e4300000, 0x00000000e4400000, 0x00000000e4400000|100%|HS|  |TAMS 0x00000000e4400000, 0x00000000e4300000| Complete 
|  68|0x00000000e4400000, 0x00000000e4500000, 0x00000000e4500000|100%|HS|  |TAMS 0x00000000e4500000, 0x00000000e4400000| Complete 
|  69|0x00000000e4500000, 0x00000000e4600000, 0x00000000e4600000|100%|HC|  |TAMS 0x00000000e4600000, 0x00000000e4500000| Complete 
|  70|0x00000000e4600000, 0x00000000e4700000, 0x00000000e4700000|100%| O|  |TAMS 0x00000000e4700000, 0x00000000e4600000| Untracked 
|  71|0x00000000e4700000, 0x00000000e4800000, 0x00000000e4800000|100%| O|  |TAMS 0x00000000e4800000, 0x00000000e4700000| Untracked 
|  72|0x00000000e4800000, 0x00000000e4900000, 0x00000000e4900000|100%| O|  |TAMS 0x00000000e4900000, 0x00000000e4800000| Untracked 
|  73|0x00000000e4900000, 0x00000000e4900000, 0x00000000e4a00000|  0%| F|  |TAMS 0x00000000e4900000, 0x00000000e4900000| Untracked 
|  74|0x00000000e4a00000, 0x00000000e4b00000, 0x00000000e4b00000|100%| O|  |TAMS 0x00000000e4b00000, 0x00000000e4a00000| Untracked 
|  75|0x00000000e4b00000, 0x00000000e4c00000, 0x00000000e4c00000|100%| O|  |TAMS 0x00000000e4c00000, 0x00000000e4b00000| Untracked 
|  76|0x00000000e4c00000, 0x00000000e4d00000, 0x00000000e4d00000|100%| O|  |TAMS 0x00000000e4d00000, 0x00000000e4c00000| Untracked 
|  77|0x00000000e4d00000, 0x00000000e4e00000, 0x00000000e4e00000|100%| O|  |TAMS 0x00000000e4e00000, 0x00000000e4d00000| Untracked 
|  78|0x00000000e4e00000, 0x00000000e4f00000, 0x00000000e4f00000|100%| O|  |TAMS 0x00000000e4f00000, 0x00000000e4e00000| Untracked 
|  79|0x00000000e4f00000, 0x00000000e5000000, 0x00000000e5000000|100%| O|  |TAMS 0x00000000e4f00000, 0x00000000e4f00000| Untracked 
|  80|0x00000000e5000000, 0x00000000e5100000, 0x00000000e5100000|100%| O|  |TAMS 0x00000000e5100000, 0x00000000e5000000| Untracked 
|  81|0x00000000e5100000, 0x00000000e5200000, 0x00000000e5200000|100%| O|  |TAMS 0x00000000e5200000, 0x00000000e5100000| Untracked 
|  82|0x00000000e5200000, 0x00000000e5300000, 0x00000000e5300000|100%| O|  |TAMS 0x00000000e5300000, 0x00000000e5200000| Untracked 
|  83|0x00000000e5300000, 0x00000000e5400000, 0x00000000e5400000|100%| O|  |TAMS 0x00000000e5400000, 0x00000000e5300000| Untracked 
|  84|0x00000000e5400000, 0x00000000e5500000, 0x00000000e5500000|100%|HS|  |TAMS 0x00000000e5500000, 0x00000000e5400000| Complete 
|  85|0x00000000e5500000, 0x00000000e5600000, 0x00000000e5600000|100%|HC|  |TAMS 0x00000000e5600000, 0x00000000e5500000| Complete 
|  86|0x00000000e5600000, 0x00000000e5700000, 0x00000000e5700000|100%|HS|  |TAMS 0x00000000e5700000, 0x00000000e5600000| Complete 
|  87|0x00000000e5700000, 0x00000000e5800000, 0x00000000e5800000|100%|HC|  |TAMS 0x00000000e5800000, 0x00000000e5700000| Complete 
|  88|0x00000000e5800000, 0x00000000e5900000, 0x00000000e5900000|100%|HC|  |TAMS 0x00000000e5900000, 0x00000000e5800000| Complete 
|  89|0x00000000e5900000, 0x00000000e5a00000, 0x00000000e5a00000|100%|HS|  |TAMS 0x00000000e5a00000, 0x00000000e5900000| Complete 
|  90|0x00000000e5a00000, 0x00000000e5b00000, 0x00000000e5b00000|100%|HC|  |TAMS 0x00000000e5b00000, 0x00000000e5a00000| Complete 
|  91|0x00000000e5b00000, 0x00000000e5c00000, 0x00000000e5c00000|100%|HC|  |TAMS 0x00000000e5c00000, 0x00000000e5b00000| Complete 
|  92|0x00000000e5c00000, 0x00000000e5d00000, 0x00000000e5d00000|100%|HS|  |TAMS 0x00000000e5d00000, 0x00000000e5c00000| Complete 
|  93|0x00000000e5d00000, 0x00000000e5e00000, 0x00000000e5e00000|100%|HC|  |TAMS 0x00000000e5e00000, 0x00000000e5d00000| Complete 
|  94|0x00000000e5e00000, 0x00000000e5f00000, 0x00000000e5f00000|100%|HC|  |TAMS 0x00000000e5f00000, 0x00000000e5e00000| Complete 
|  95|0x00000000e5f00000, 0x00000000e6000000, 0x00000000e6000000|100%|HC|  |TAMS 0x00000000e6000000, 0x00000000e5f00000| Complete 
|  96|0x00000000e6000000, 0x00000000e6100000, 0x00000000e6100000|100%|HC|  |TAMS 0x00000000e6100000, 0x00000000e6000000| Complete 
|  97|0x00000000e6100000, 0x00000000e6200000, 0x00000000e6200000|100%|HC|  |TAMS 0x00000000e6200000, 0x00000000e6100000| Complete 
|  98|0x00000000e6200000, 0x00000000e6300000, 0x00000000e6300000|100%|HC|  |TAMS 0x00000000e6300000, 0x00000000e6200000| Complete 
|  99|0x00000000e6300000, 0x00000000e6400000, 0x00000000e6400000|100%|HC|  |TAMS 0x00000000e6400000, 0x00000000e6300000| Complete 
| 100|0x00000000e6400000, 0x00000000e6500000, 0x00000000e6500000|100%|HC|  |TAMS 0x00000000e6500000, 0x00000000e6400000| Complete 
| 101|0x00000000e6500000, 0x00000000e6600000, 0x00000000e6600000|100%|HC|  |TAMS 0x00000000e6600000, 0x00000000e6500000| Complete 
| 102|0x00000000e6600000, 0x00000000e6700000, 0x00000000e6700000|100%|HC|  |TAMS 0x00000000e6700000, 0x00000000e6600000| Complete 
| 103|0x00000000e6700000, 0x00000000e6800000, 0x00000000e6800000|100%|HC|  |TAMS 0x00000000e6800000, 0x00000000e6700000| Complete 
| 104|0x00000000e6800000, 0x00000000e6900000, 0x00000000e6900000|100%|HS|  |TAMS 0x00000000e6900000, 0x00000000e6800000| Complete 
| 105|0x00000000e6900000, 0x00000000e6a00000, 0x00000000e6a00000|100%|HC|  |TAMS 0x00000000e6a00000, 0x00000000e6900000| Complete 
| 106|0x00000000e6a00000, 0x00000000e6b00000, 0x00000000e6b00000|100%| O|  |TAMS 0x00000000e6b00000, 0x00000000e6a00000| Untracked 
| 107|0x00000000e6b00000, 0x00000000e6c00000, 0x00000000e6c00000|100%| O|  |TAMS 0x00000000e6c00000, 0x00000000e6b00000| Untracked 
| 108|0x00000000e6c00000, 0x00000000e6d00000, 0x00000000e6d00000|100%| O|  |TAMS 0x00000000e6d00000, 0x00000000e6c00000| Untracked 
| 109|0x00000000e6d00000, 0x00000000e6e00000, 0x00000000e6e00000|100%| O|  |TAMS 0x00000000e6e00000, 0x00000000e6d00000| Untracked 
| 110|0x00000000e6e00000, 0x00000000e6f00000, 0x00000000e6f00000|100%| O|  |TAMS 0x00000000e6f00000, 0x00000000e6e00000| Untracked 
| 111|0x00000000e6f00000, 0x00000000e7000000, 0x00000000e7000000|100%| O|  |TAMS 0x00000000e7000000, 0x00000000e6f00000| Untracked 
| 112|0x00000000e7000000, 0x00000000e7100000, 0x00000000e7100000|100%| O|  |TAMS 0x00000000e7100000, 0x00000000e7000000| Untracked 
| 113|0x00000000e7100000, 0x00000000e7200000, 0x00000000e7200000|100%| O|  |TAMS 0x00000000e7200000, 0x00000000e7100000| Untracked 
| 114|0x00000000e7200000, 0x00000000e7300000, 0x00000000e7300000|100%| O|  |TAMS 0x00000000e7300000, 0x00000000e7200000| Untracked 
| 115|0x00000000e7300000, 0x00000000e7400000, 0x00000000e7400000|100%| O|  |TAMS 0x00000000e7400000, 0x00000000e7300000| Untracked 
| 116|0x00000000e7400000, 0x00000000e7500000, 0x00000000e7500000|100%| O|  |TAMS 0x00000000e7500000, 0x00000000e7400000| Untracked 
| 117|0x00000000e7500000, 0x00000000e7600000, 0x00000000e7600000|100%| O|  |TAMS 0x00000000e7600000, 0x00000000e7500000| Untracked 
| 118|0x00000000e7600000, 0x00000000e7700000, 0x00000000e7700000|100%| O|  |TAMS 0x00000000e7700000, 0x00000000e7600000| Untracked 
| 119|0x00000000e7700000, 0x00000000e7800000, 0x00000000e7800000|100%| O|  |TAMS 0x00000000e7800000, 0x00000000e7700000| Untracked 
| 120|0x00000000e7800000, 0x00000000e7900000, 0x00000000e7900000|100%| O|  |TAMS 0x00000000e7831200, 0x00000000e7800000| Untracked 
| 121|0x00000000e7900000, 0x00000000e7a00000, 0x00000000e7a00000|100%| O|  |TAMS 0x00000000e7900000, 0x00000000e7900000| Untracked 
| 122|0x00000000e7a00000, 0x00000000e7b00000, 0x00000000e7b00000|100%| O|  |TAMS 0x00000000e7a00000, 0x00000000e7a00000| Untracked 
| 123|0x00000000e7b00000, 0x00000000e7c00000, 0x00000000e7c00000|100%| O|  |TAMS 0x00000000e7b00000, 0x00000000e7b00000| Untracked 
| 124|0x00000000e7c00000, 0x00000000e7d00000, 0x00000000e7d00000|100%| O|  |TAMS 0x00000000e7c00000, 0x00000000e7c00000| Untracked 
| 125|0x00000000e7d00000, 0x00000000e7e00000, 0x00000000e7e00000|100%| O|  |TAMS 0x00000000e7d00000, 0x00000000e7d00000| Untracked 
| 126|0x00000000e7e00000, 0x00000000e7e00000, 0x00000000e7f00000|  0%| F|  |TAMS 0x00000000e7e00000, 0x00000000e7e00000| Untracked 
| 127|0x00000000e7f00000, 0x00000000e7f00000, 0x00000000e8000000|  0%| F|  |TAMS 0x00000000e7f00000, 0x00000000e7f00000| Untracked 
| 128|0x00000000e8000000, 0x00000000e8000000, 0x00000000e8100000|  0%| F|  |TAMS 0x00000000e8000000, 0x00000000e8000000| Untracked 
| 129|0x00000000e8100000, 0x00000000e8100000, 0x00000000e8200000|  0%| F|  |TAMS 0x00000000e8100000, 0x00000000e8100000| Untracked 
| 130|0x00000000e8200000, 0x00000000e8200000, 0x00000000e8300000|  0%| F|  |TAMS 0x00000000e8200000, 0x00000000e8200000| Untracked 
| 131|0x00000000e8300000, 0x00000000e8300000, 0x00000000e8400000|  0%| F|  |TAMS 0x00000000e8300000, 0x00000000e8300000| Untracked 
| 132|0x00000000e8400000, 0x00000000e8400000, 0x00000000e8500000|  0%| F|  |TAMS 0x00000000e8400000, 0x00000000e8400000| Untracked 
| 133|0x00000000e8500000, 0x00000000e8500000, 0x00000000e8600000|  0%| F|  |TAMS 0x00000000e8500000, 0x00000000e8500000| Untracked 
| 134|0x00000000e8600000, 0x00000000e8600000, 0x00000000e8700000|  0%| F|  |TAMS 0x00000000e8600000, 0x00000000e8600000| Untracked 
| 135|0x00000000e8700000, 0x00000000e8700000, 0x00000000e8800000|  0%| F|  |TAMS 0x00000000e8700000, 0x00000000e8700000| Untracked 
| 136|0x00000000e8800000, 0x00000000e8800000, 0x00000000e8900000|  0%| F|  |TAMS 0x00000000e8800000, 0x00000000e8800000| Untracked 
| 137|0x00000000e8900000, 0x00000000e8900000, 0x00000000e8a00000|  0%| F|  |TAMS 0x00000000e8900000, 0x00000000e8900000| Untracked 
| 138|0x00000000e8a00000, 0x00000000e8a00000, 0x00000000e8b00000|  0%| F|  |TAMS 0x00000000e8a00000, 0x00000000e8a00000| Untracked 
| 139|0x00000000e8b00000, 0x00000000e8b00000, 0x00000000e8c00000|  0%| F|  |TAMS 0x00000000e8b00000, 0x00000000e8b00000| Untracked 
| 140|0x00000000e8c00000, 0x00000000e8c00000, 0x00000000e8d00000|  0%| F|  |TAMS 0x00000000e8c00000, 0x00000000e8c00000| Untracked 
| 141|0x00000000e8d00000, 0x00000000e8d00000, 0x00000000e8e00000|  0%| F|  |TAMS 0x00000000e8d00000, 0x00000000e8d00000| Untracked 
| 142|0x00000000e8e00000, 0x00000000e8e00000, 0x00000000e8f00000|  0%| F|  |TAMS 0x00000000e8e00000, 0x00000000e8e00000| Untracked 
| 143|0x00000000e8f00000, 0x00000000e8f00000, 0x00000000e9000000|  0%| F|  |TAMS 0x00000000e8f00000, 0x00000000e8f00000| Untracked 
| 144|0x00000000e9000000, 0x00000000e9000000, 0x00000000e9100000|  0%| F|  |TAMS 0x00000000e9000000, 0x00000000e9000000| Untracked 
| 145|0x00000000e9100000, 0x00000000e9100000, 0x00000000e9200000|  0%| F|  |TAMS 0x00000000e9100000, 0x00000000e9100000| Untracked 
| 146|0x00000000e9200000, 0x00000000e9200000, 0x00000000e9300000|  0%| F|  |TAMS 0x00000000e9200000, 0x00000000e9200000| Untracked 
| 147|0x00000000e9300000, 0x00000000e9300000, 0x00000000e9400000|  0%| F|  |TAMS 0x00000000e9300000, 0x00000000e9300000| Untracked 
| 148|0x00000000e9400000, 0x00000000e9400000, 0x00000000e9500000|  0%| F|  |TAMS 0x00000000e9400000, 0x00000000e9400000| Untracked 
| 149|0x00000000e9500000, 0x00000000e9500000, 0x00000000e9600000|  0%| F|  |TAMS 0x00000000e9500000, 0x00000000e9500000| Untracked 
| 150|0x00000000e9600000, 0x00000000e9600000, 0x00000000e9700000|  0%| F|  |TAMS 0x00000000e9600000, 0x00000000e9600000| Untracked 
| 151|0x00000000e9700000, 0x00000000e9700000, 0x00000000e9800000|  0%| F|  |TAMS 0x00000000e9700000, 0x00000000e9700000| Untracked 
| 152|0x00000000e9800000, 0x00000000e9800000, 0x00000000e9900000|  0%| F|  |TAMS 0x00000000e9800000, 0x00000000e9800000| Untracked 
| 153|0x00000000e9900000, 0x00000000e99277a0, 0x00000000e9a00000| 15%| S|CS|TAMS 0x00000000e9900000, 0x00000000e9900000| Complete 
| 154|0x00000000e9a00000, 0x00000000e9b00000, 0x00000000e9b00000|100%| S|CS|TAMS 0x00000000e9a00000, 0x00000000e9a00000| Complete 
| 155|0x00000000e9b00000, 0x00000000e9c00000, 0x00000000e9c00000|100%| S|CS|TAMS 0x00000000e9b00000, 0x00000000e9b00000| Complete 
| 156|0x00000000e9c00000, 0x00000000e9d00000, 0x00000000e9d00000|100%| S|CS|TAMS 0x00000000e9c00000, 0x00000000e9c00000| Complete 
| 157|0x00000000e9d00000, 0x00000000e9e00000, 0x00000000e9e00000|100%| S|CS|TAMS 0x00000000e9d00000, 0x00000000e9d00000| Complete 
| 158|0x00000000e9e00000, 0x00000000e9f00000, 0x00000000e9f00000|100%| S|CS|TAMS 0x00000000e9e00000, 0x00000000e9e00000| Complete 
| 159|0x00000000e9f00000, 0x00000000e9f00000, 0x00000000ea000000|  0%| F|  |TAMS 0x00000000e9f00000, 0x00000000e9f00000| Untracked 
| 160|0x00000000ea000000, 0x00000000ea000000, 0x00000000ea100000|  0%| F|  |TAMS 0x00000000ea000000, 0x00000000ea000000| Untracked 
| 161|0x00000000ea100000, 0x00000000ea100000, 0x00000000ea200000|  0%| F|  |TAMS 0x00000000ea100000, 0x00000000ea100000| Untracked 
| 162|0x00000000ea200000, 0x00000000ea200000, 0x00000000ea300000|  0%| F|  |TAMS 0x00000000ea200000, 0x00000000ea200000| Untracked 
| 163|0x00000000ea300000, 0x00000000ea300000, 0x00000000ea400000|  0%| F|  |TAMS 0x00000000ea300000, 0x00000000ea300000| Untracked 
| 164|0x00000000ea400000, 0x00000000ea400000, 0x00000000ea500000|  0%| F|  |TAMS 0x00000000ea400000, 0x00000000ea400000| Untracked 
| 165|0x00000000ea500000, 0x00000000ea500000, 0x00000000ea600000|  0%| F|  |TAMS 0x00000000ea500000, 0x00000000ea500000| Untracked 
| 166|0x00000000ea600000, 0x00000000ea700000, 0x00000000ea700000|100%| E|  |TAMS 0x00000000ea600000, 0x00000000ea600000| Complete 
| 167|0x00000000ea700000, 0x00000000ea800000, 0x00000000ea800000|100%| E|CS|TAMS 0x00000000ea700000, 0x00000000ea700000| Complete 
| 168|0x00000000ea800000, 0x00000000ea900000, 0x00000000ea900000|100%| E|CS|TAMS 0x00000000ea800000, 0x00000000ea800000| Complete 
| 169|0x00000000ea900000, 0x00000000eaa00000, 0x00000000eaa00000|100%| E|CS|TAMS 0x00000000ea900000, 0x00000000ea900000| Complete 
| 170|0x00000000eaa00000, 0x00000000eab00000, 0x00000000eab00000|100%| E|CS|TAMS 0x00000000eaa00000, 0x00000000eaa00000| Complete 
| 171|0x00000000eab00000, 0x00000000eac00000, 0x00000000eac00000|100%| E|CS|TAMS 0x00000000eab00000, 0x00000000eab00000| Complete 
| 172|0x00000000eac00000, 0x00000000ead00000, 0x00000000ead00000|100%| E|CS|TAMS 0x00000000eac00000, 0x00000000eac00000| Complete 
| 173|0x00000000ead00000, 0x00000000eae00000, 0x00000000eae00000|100%| E|CS|TAMS 0x00000000ead00000, 0x00000000ead00000| Complete 
| 174|0x00000000eae00000, 0x00000000eaf00000, 0x00000000eaf00000|100%| E|CS|TAMS 0x00000000eae00000, 0x00000000eae00000| Complete 
| 175|0x00000000eaf00000, 0x00000000eb000000, 0x00000000eb000000|100%| E|CS|TAMS 0x00000000eaf00000, 0x00000000eaf00000| Complete 
| 176|0x00000000eb000000, 0x00000000eb100000, 0x00000000eb100000|100%| E|CS|TAMS 0x00000000eb000000, 0x00000000eb000000| Complete 
| 177|0x00000000eb100000, 0x00000000eb200000, 0x00000000eb200000|100%| E|CS|TAMS 0x00000000eb100000, 0x00000000eb100000| Complete 
| 178|0x00000000eb200000, 0x00000000eb300000, 0x00000000eb300000|100%| E|CS|TAMS 0x00000000eb200000, 0x00000000eb200000| Complete 
| 179|0x00000000eb300000, 0x00000000eb400000, 0x00000000eb400000|100%| E|CS|TAMS 0x00000000eb300000, 0x00000000eb300000| Complete 
| 180|0x00000000eb400000, 0x00000000eb500000, 0x00000000eb500000|100%| E|CS|TAMS 0x00000000eb400000, 0x00000000eb400000| Complete 
| 181|0x00000000eb500000, 0x00000000eb600000, 0x00000000eb600000|100%| E|CS|TAMS 0x00000000eb500000, 0x00000000eb500000| Complete 
| 182|0x00000000eb600000, 0x00000000eb700000, 0x00000000eb700000|100%| E|CS|TAMS 0x00000000eb600000, 0x00000000eb600000| Complete 
| 183|0x00000000eb700000, 0x00000000eb800000, 0x00000000eb800000|100%| E|CS|TAMS 0x00000000eb700000, 0x00000000eb700000| Complete 
| 184|0x00000000eb800000, 0x00000000eb900000, 0x00000000eb900000|100%| E|CS|TAMS 0x00000000eb800000, 0x00000000eb800000| Complete 
| 185|0x00000000eb900000, 0x00000000eba00000, 0x00000000eba00000|100%| E|CS|TAMS 0x00000000eb900000, 0x00000000eb900000| Complete 
| 186|0x00000000eba00000, 0x00000000ebb00000, 0x00000000ebb00000|100%| E|CS|TAMS 0x00000000eba00000, 0x00000000eba00000| Complete 
| 187|0x00000000ebb00000, 0x00000000ebc00000, 0x00000000ebc00000|100%| E|CS|TAMS 0x00000000ebb00000, 0x00000000ebb00000| Complete 
| 188|0x00000000ebc00000, 0x00000000ebd00000, 0x00000000ebd00000|100%| E|CS|TAMS 0x00000000ebc00000, 0x00000000ebc00000| Complete 
| 189|0x00000000ebd00000, 0x00000000ebe00000, 0x00000000ebe00000|100%| E|CS|TAMS 0x00000000ebd00000, 0x00000000ebd00000| Complete 
| 190|0x00000000ebe00000, 0x00000000ebf00000, 0x00000000ebf00000|100%| E|CS|TAMS 0x00000000ebe00000, 0x00000000ebe00000| Complete 
| 191|0x00000000ebf00000, 0x00000000ec000000, 0x00000000ec000000|100%| E|CS|TAMS 0x00000000ebf00000, 0x00000000ebf00000| Complete 
| 192|0x00000000ec000000, 0x00000000ec100000, 0x00000000ec100000|100%| E|CS|TAMS 0x00000000ec000000, 0x00000000ec000000| Complete 
| 193|0x00000000ec100000, 0x00000000ec200000, 0x00000000ec200000|100%| E|CS|TAMS 0x00000000ec100000, 0x00000000ec100000| Complete 
| 194|0x00000000ec200000, 0x00000000ec300000, 0x00000000ec300000|100%| E|CS|TAMS 0x00000000ec200000, 0x00000000ec200000| Complete 
| 195|0x00000000ec300000, 0x00000000ec400000, 0x00000000ec400000|100%| E|CS|TAMS 0x00000000ec300000, 0x00000000ec300000| Complete 
| 196|0x00000000ec400000, 0x00000000ec500000, 0x00000000ec500000|100%| E|CS|TAMS 0x00000000ec400000, 0x00000000ec400000| Complete 
| 197|0x00000000ec500000, 0x00000000ec600000, 0x00000000ec600000|100%| E|CS|TAMS 0x00000000ec500000, 0x00000000ec500000| Complete 
| 198|0x00000000ec600000, 0x00000000ec700000, 0x00000000ec700000|100%| E|CS|TAMS 0x00000000ec600000, 0x00000000ec600000| Complete 
| 199|0x00000000ec700000, 0x00000000ec800000, 0x00000000ec800000|100%| E|CS|TAMS 0x00000000ec700000, 0x00000000ec700000| Complete 
| 200|0x00000000ec800000, 0x00000000ec900000, 0x00000000ec900000|100%| E|CS|TAMS 0x00000000ec800000, 0x00000000ec800000| Complete 
| 201|0x00000000ec900000, 0x00000000eca00000, 0x00000000eca00000|100%| E|CS|TAMS 0x00000000ec900000, 0x00000000ec900000| Complete 
| 202|0x00000000eca00000, 0x00000000ecb00000, 0x00000000ecb00000|100%| E|CS|TAMS 0x00000000eca00000, 0x00000000eca00000| Complete 
| 203|0x00000000ecb00000, 0x00000000ecc00000, 0x00000000ecc00000|100%| E|CS|TAMS 0x00000000ecb00000, 0x00000000ecb00000| Complete 
| 204|0x00000000ecc00000, 0x00000000ecd00000, 0x00000000ecd00000|100%| E|CS|TAMS 0x00000000ecc00000, 0x00000000ecc00000| Complete 
| 205|0x00000000ecd00000, 0x00000000ece00000, 0x00000000ece00000|100%| E|CS|TAMS 0x00000000ecd00000, 0x00000000ecd00000| Complete 
| 206|0x00000000ece00000, 0x00000000ecf00000, 0x00000000ecf00000|100%| E|CS|TAMS 0x00000000ece00000, 0x00000000ece00000| Complete 
| 207|0x00000000ecf00000, 0x00000000ed000000, 0x00000000ed000000|100%| E|CS|TAMS 0x00000000ecf00000, 0x00000000ecf00000| Complete 
| 208|0x00000000ed000000, 0x00000000ed100000, 0x00000000ed100000|100%| E|CS|TAMS 0x00000000ed000000, 0x00000000ed000000| Complete 
| 209|0x00000000ed100000, 0x00000000ed200000, 0x00000000ed200000|100%| E|CS|TAMS 0x00000000ed100000, 0x00000000ed100000| Complete 
| 210|0x00000000ed200000, 0x00000000ed300000, 0x00000000ed300000|100%| E|CS|TAMS 0x00000000ed200000, 0x00000000ed200000| Complete 
| 211|0x00000000ed300000, 0x00000000ed400000, 0x00000000ed400000|100%| E|CS|TAMS 0x00000000ed300000, 0x00000000ed300000| Complete 
| 212|0x00000000ed400000, 0x00000000ed500000, 0x00000000ed500000|100%| E|CS|TAMS 0x00000000ed400000, 0x00000000ed400000| Complete 
| 213|0x00000000ed500000, 0x00000000ed600000, 0x00000000ed600000|100%| E|CS|TAMS 0x00000000ed500000, 0x00000000ed500000| Complete 
| 251|0x00000000efb00000, 0x00000000efc00000, 0x00000000efc00000|100%| E|CS|TAMS 0x00000000efb00000, 0x00000000efb00000| Complete 

Card table byte_map: [0x0000027ded9f0000,0x0000027dedaf0000] _byte_map_base: 0x0000027ded2f0000

Marking Bits (Prev, Next): (CMBitMap*) 0x0000027ddb12a550, (CMBitMap*) 0x0000027ddb12a510
 Prev Bits: [0x0000027dee3f0000, 0x0000027deebf0000)
 Next Bits: [0x0000027dedbf0000, 0x0000027dee3f0000)

Polling page: 0x0000027dda8c0000

Metaspace:

Usage:
  Non-class:     84.79 MB used.
      Class:     13.04 MB used.
       Both:     97.83 MB used.

Virtual space:
  Non-class space:       88.00 MB reserved,      85.19 MB ( 97%) committed,  11 nodes.
      Class space:        1.00 GB reserved,      13.44 MB (  1%) committed,  1 nodes.
             Both:        1.09 GB reserved,      98.62 MB (  9%) committed. 

Chunk freelists:
   Non-Class:  2.12 MB
       Class:  2.50 MB
        Both:  4.62 MB

MaxMetaspaceSize: unlimited
CompressedClassSpaceSize: 1.00 GB
Initial GC threshold: 21.00 MB
Current GC threshold: 145.31 MB
CDS: off
MetaspaceReclaimPolicy: balanced
 - commit_granule_bytes: 65536.
 - commit_granule_words: 8192.
 - virtual_space_node_default_size: 1048576.
 - enlarge_chunks_in_place: 1.
 - new_chunks_are_fully_committed: 0.
 - uncommit_free_chunks: 1.
 - use_allocation_guard: 0.
 - handle_deallocations: 1.


Internal statistics:

num_allocs_failed_limit: 3.
num_arena_births: 1174.
num_arena_deaths: 0.
num_vsnodes_births: 12.
num_vsnodes_deaths: 0.
num_space_committed: 1578.
num_space_uncommitted: 0.
num_chunks_returned_to_freelist: 3.
num_chunks_taken_from_freelist: 4994.
num_chunk_merges: 3.
num_chunk_splits: 3230.
num_chunks_enlarged: 2034.
num_purges: 0.
num_inconsistent_stats: 0.

CodeHeap 'non-profiled nmethods': size=120000Kb used=5897Kb max_used=5897Kb free=114102Kb
 bounds [0x0000027de6090000, 0x0000027de6660000, 0x0000027ded5c0000]
CodeHeap 'profiled nmethods': size=120000Kb used=18259Kb max_used=18259Kb free=101740Kb
 bounds [0x0000027dde5c0000, 0x0000027ddf7a0000, 0x0000027de5af0000]
CodeHeap 'non-nmethods': size=5760Kb used=2404Kb max_used=2477Kb free=3355Kb
 bounds [0x0000027de5af0000, 0x0000027de5d60000, 0x0000027de6090000]
 total_blobs=10237 nmethods=9318 adapters=831
 compilation: enabled
              stopped_count=0, restarted_count=0
 full_count=0

Compilation events (20 events):
Event: 81.876 Thread 0x0000027df2087b10 nmethod 10738 0x0000027de6651b90 code [0x0000027de6651d20, 0x0000027de6651df8]
Event: 81.878 Thread 0x0000027df2087b10 10739       3       com.google.common.collect.Iterators$ConcatenatedIterator::hasNext (164 bytes)
Event: 81.879 Thread 0x0000027df2087b10 nmethod 10739 0x0000027ddf788d90 code [0x0000027ddf789060, 0x0000027ddf78a3d8]
Event: 81.879 Thread 0x0000027df2087b10 10742       3       com.google.common.collect.Iterators$ConcatenatedIterator::getTopMetaIterator (64 bytes)
Event: 81.879 Thread 0x0000027df2087b10 nmethod 10742 0x0000027ddf78a810 code [0x0000027ddf78aa00, 0x0000027ddf78b048]
Event: 81.879 Thread 0x0000027df2087b10 10744       3       org.gradle.execution.plan.Node::isComplete (56 bytes)
Event: 81.879 Thread 0x0000027df2087b10 nmethod 10744 0x0000027ddf78b210 code [0x0000027ddf78b3c0, 0x0000027ddf78b638]
Event: 81.879 Thread 0x0000027df2087b10 10740       1       org.gradle.execution.plan.Node::getMutationInfo (5 bytes)
Event: 81.879 Thread 0x0000027df2087b10 nmethod 10740 0x0000027de6651e90 code [0x0000027de6652020, 0x0000027de66520f8]
Event: 81.879 Thread 0x0000027df2087b10 10741       3       com.google.common.collect.FluentIterable$3$1::get (6 bytes)
Event: 81.879 Thread 0x0000027df2087b10 nmethod 10741 0x0000027ddf78b710 code [0x0000027ddf78b8c0, 0x0000027ddf78bb28]
Event: 81.880 Thread 0x0000027df2087b10 10745       3       java.util.concurrent.ConcurrentLinkedQueue$Itr::<init> (75 bytes)
Event: 81.881 Thread 0x0000027df2087b10 nmethod 10745 0x0000027ddf78bc90 code [0x0000027ddf78c060, 0x0000027ddf78db68]
Event: 81.887 Thread 0x0000027df2087b10 10746   !   3       org.gradle.internal.event.DefaultListenerManager$EventBroadcast::maybeRemove (87 bytes)
Event: 81.888 Thread 0x0000027df2087b10 nmethod 10746 0x0000027ddf78e390 code [0x0000027ddf78e620, 0x0000027ddf78f258]
Event: 81.888 Thread 0x0000027df2087b10 10747       1       org.gradle.internal.operations.DefaultBuildOperationListenerManager$ProgressShieldingBuildOperationListener::access$200 (5 bytes)
Event: 81.888 Thread 0x0000027df2087b10 nmethod 10747 0x0000027de6652190 code [0x0000027de6652320, 0x0000027de66523d8]
Event: 81.888 Thread 0x0000027df2087b10 10748       3       org.gradle.internal.concurrent.CompositeStoppable::stoppable (12 bytes)
Event: 81.888 Thread 0x0000027df2087b10 nmethod 10748 0x0000027ddf78f790 code [0x0000027ddf78f9e0, 0x0000027ddf790428]
Event: 81.890 Thread 0x0000027df2087b10 10749       3       org.codehaus.groovy.runtime.StackTraceUtils::isApplicationClass (84 bytes)

GC Heap History (20 events):
Event: 8.020 GC heap before
{Heap before GC invocations=40 (full 0):
 garbage-first heap   total 155648K, used 130450K [0x00000000e0000000, 0x0000000100000000)
  region size 1024K, 13 young (13312K), 1 survivors (1024K)
 Metaspace       used 75915K, committed 76480K, reserved 1122304K
  class space    used 10143K, committed 10432K, reserved 1048576K
}
Event: 8.022 GC heap after
{Heap after GC invocations=41 (full 0):
 garbage-first heap   total 155648K, used 118923K [0x00000000e0000000, 0x0000000100000000)
  region size 1024K, 2 young (2048K), 2 survivors (2048K)
 Metaspace       used 75915K, committed 76480K, reserved 1122304K
  class space    used 10143K, committed 10432K, reserved 1048576K
}
Event: 8.155 GC heap before
{Heap before GC invocations=42 (full 0):
 garbage-first heap   total 206848K, used 131211K [0x00000000e0000000, 0x0000000100000000)
  region size 1024K, 14 young (14336K), 2 survivors (2048K)
 Metaspace       used 76123K, committed 76736K, reserved 1122304K
  class space    used 10165K, committed 10432K, reserved 1048576K
}
Event: 8.158 GC heap after
{Heap after GC invocations=43 (full 0):
 garbage-first heap   total 206848K, used 119771K [0x00000000e0000000, 0x0000000100000000)
  region size 1024K, 2 young (2048K), 2 survivors (2048K)
 Metaspace       used 76123K, committed 76736K, reserved 1122304K
  class space    used 10165K, committed 10432K, reserved 1048576K
}
Event: 8.213 GC heap before
{Heap before GC invocations=43 (full 0):
 garbage-first heap   total 206848K, used 126939K [0x00000000e0000000, 0x0000000100000000)
  region size 1024K, 10 young (10240K), 2 survivors (2048K)
 Metaspace       used 76519K, committed 77120K, reserved 1122304K
  class space    used 10230K, committed 10496K, reserved 1048576K
}
Event: 8.216 GC heap after
{Heap after GC invocations=44 (full 0):
 garbage-first heap   total 206848K, used 119698K [0x00000000e0000000, 0x0000000100000000)
  region size 1024K, 2 young (2048K), 2 survivors (2048K)
 Metaspace       used 76519K, committed 77120K, reserved 1122304K
  class space    used 10230K, committed 10496K, reserved 1048576K
}
Event: 8.290 GC heap before
{Heap before GC invocations=44 (full 0):
 garbage-first heap   total 206848K, used 127890K [0x00000000e0000000, 0x0000000100000000)
  region size 1024K, 12 young (12288K), 2 survivors (2048K)
 Metaspace       used 77206K, committed 77824K, reserved 1122304K
  class space    used 10301K, committed 10624K, reserved 1048576K
}
Event: 8.293 GC heap after
{Heap after GC invocations=45 (full 0):
 garbage-first heap   total 206848K, used 120506K [0x00000000e0000000, 0x0000000100000000)
  region size 1024K, 3 young (3072K), 3 survivors (3072K)
 Metaspace       used 77206K, committed 77824K, reserved 1122304K
  class space    used 10301K, committed 10624K, reserved 1048576K
}
Event: 9.088 GC heap before
{Heap before GC invocations=46 (full 0):
 garbage-first heap   total 208896K, used 169658K [0x00000000e0000000, 0x0000000100000000)
  region size 1024K, 50 young (51200K), 3 survivors (3072K)
 Metaspace       used 85656K, committed 86336K, reserved 1130496K
  class space    used 11356K, committed 11648K, reserved 1048576K
}
Event: 9.094 GC heap after
{Heap after GC invocations=47 (full 0):
 garbage-first heap   total 208896K, used 122558K [0x00000000e0000000, 0x0000000100000000)
  region size 1024K, 5 young (5120K), 5 survivors (5120K)
 Metaspace       used 85656K, committed 86336K, reserved 1130496K
  class space    used 11356K, committed 11648K, reserved 1048576K
}
Event: 9.149 GC heap before
{Heap before GC invocations=47 (full 0):
 garbage-first heap   total 208896K, used 127678K [0x00000000e0000000, 0x0000000100000000)
  region size 1024K, 10 young (10240K), 5 survivors (5120K)
 Metaspace       used 86018K, committed 86656K, reserved 1130496K
  class space    used 11413K, committed 11712K, reserved 1048576K
}
Event: 9.153 GC heap after
{Heap after GC invocations=48 (full 0):
 garbage-first heap   total 208896K, used 122724K [0x00000000e0000000, 0x0000000100000000)
  region size 1024K, 1 young (1024K), 1 survivors (1024K)
 Metaspace       used 86018K, committed 86656K, reserved 1130496K
  class space    used 11413K, committed 11712K, reserved 1048576K
}
Event: 9.640 GC heap before
{Heap before GC invocations=48 (full 0):
 garbage-first heap   total 208896K, used 171876K [0x00000000e0000000, 0x0000000100000000)
  region size 1024K, 50 young (51200K), 1 survivors (1024K)
 Metaspace       used 88189K, committed 88896K, reserved 1130496K
  class space    used 11851K, committed 12160K, reserved 1048576K
}
Event: 9.643 GC heap after
{Heap after GC invocations=49 (full 0):
 garbage-first heap   total 208896K, used 126008K [0x00000000e0000000, 0x0000000100000000)
  region size 1024K, 4 young (4096K), 4 survivors (4096K)
 Metaspace       used 88189K, committed 88896K, reserved 1130496K
  class space    used 11851K, committed 12160K, reserved 1048576K
}
Event: 10.250 GC heap before
{Heap before GC invocations=50 (full 0):
 garbage-first heap   total 220160K, used 173112K [0x00000000e0000000, 0x0000000100000000)
  region size 1024K, 50 young (51200K), 4 survivors (4096K)
 Metaspace       used 93079K, committed 93824K, reserved 1130496K
  class space    used 12583K, committed 12928K, reserved 1048576K
}
Event: 10.255 GC heap after
{Heap after GC invocations=51 (full 0):
 garbage-first heap   total 220160K, used 128674K [0x00000000e0000000, 0x0000000100000000)
  region size 1024K, 7 young (7168K), 7 survivors (7168K)
 Metaspace       used 93079K, committed 93824K, reserved 1130496K
  class space    used 12583K, committed 12928K, reserved 1048576K
}
Event: 10.286 GC heap before
{Heap before GC invocations=51 (full 0):
 garbage-first heap   total 220160K, used 131746K [0x00000000e0000000, 0x0000000100000000)
  region size 1024K, 10 young (10240K), 7 survivors (7168K)
 Metaspace       used 93256K, committed 94016K, reserved 1130496K
  class space    used 12604K, committed 12992K, reserved 1048576K
}
Event: 10.290 GC heap after
{Heap after GC invocations=52 (full 0):
 garbage-first heap   total 220160K, used 129149K [0x00000000e0000000, 0x0000000100000000)
  region size 1024K, 2 young (2048K), 2 survivors (2048K)
 Metaspace       used 93256K, committed 94016K, reserved 1130496K
  class space    used 12604K, committed 12992K, reserved 1048576K
}
Event: 81.318 GC heap before
{Heap before GC invocations=52 (full 0):
 garbage-first heap   total 220160K, used 183421K [0x00000000e0000000, 0x0000000100000000)
  region size 1024K, 56 young (57344K), 2 survivors (2048K)
 Metaspace       used 98882K, committed 99712K, reserved 1138688K
  class space    used 13195K, committed 13568K, reserved 1048576K
}
Event: 81.323 GC heap after
{Heap after GC invocations=53 (full 0):
 garbage-first heap   total 220160K, used 133277K [0x00000000e0000000, 0x0000000100000000)
  region size 1024K, 6 young (6144K), 6 survivors (6144K)
 Metaspace       used 98882K, committed 99712K, reserved 1138688K
  class space    used 13195K, committed 13568K, reserved 1048576K
}

Dll operation events (2 events):
Event: 0.004 Loaded shared library C:\Program Files\Android\Android Studio5\jbr\bin\java.dll
Event: 0.290 Loaded shared library C:\Program Files\Android\Android Studio5\jbr\bin\verify.dll

Deoptimization events (20 events):
Event: 81.878 Thread 0x0000027df53e00b0 Uncommon trap: trap_request=0xffffffc6 fr.pc=0x0000027de6490aac relative=0x000000000000008c
Event: 81.878 Thread 0x0000027df53e00b0 Uncommon trap: reason=bimorphic_or_optimized_type_check action=maybe_recompile pc=0x0000027de6490aac method=java.util.Collections$SetFromMap.remove(Ljava/lang/Object;)Z @ 5 c2
Event: 81.878 Thread 0x0000027df53e00b0 DEOPT PACKING pc=0x0000027de6490aac sp=0x000000ef520fe7f0
Event: 81.878 Thread 0x0000027df53e00b0 DEOPT UNPACKING pc=0x0000027de5b4a1a3 sp=0x000000ef520fe788 mode 2
Event: 81.878 Thread 0x0000027df53e00b0 Uncommon trap: trap_request=0xffffffc6 fr.pc=0x0000027de6490aac relative=0x000000000000008c
Event: 81.878 Thread 0x0000027df53e00b0 Uncommon trap: reason=bimorphic_or_optimized_type_check action=maybe_recompile pc=0x0000027de6490aac method=java.util.Collections$SetFromMap.remove(Ljava/lang/Object;)Z @ 5 c2
Event: 81.878 Thread 0x0000027df53e00b0 DEOPT PACKING pc=0x0000027de6490aac sp=0x000000ef520fe7f0
Event: 81.878 Thread 0x0000027df53e00b0 DEOPT UNPACKING pc=0x0000027de5b4a1a3 sp=0x000000ef520fe788 mode 2
Event: 81.878 Thread 0x0000027df53e00b0 Uncommon trap: trap_request=0xffffffc6 fr.pc=0x0000027de6490aac relative=0x000000000000008c
Event: 81.878 Thread 0x0000027df53e00b0 Uncommon trap: reason=bimorphic_or_optimized_type_check action=maybe_recompile pc=0x0000027de6490aac method=java.util.Collections$SetFromMap.remove(Ljava/lang/Object;)Z @ 5 c2
Event: 81.878 Thread 0x0000027df53e00b0 DEOPT PACKING pc=0x0000027de6490aac sp=0x000000ef520fe7f0
Event: 81.878 Thread 0x0000027df53e00b0 DEOPT UNPACKING pc=0x0000027de5b4a1a3 sp=0x000000ef520fe788 mode 2
Event: 81.884 Thread 0x0000027df9793a20 Uncommon trap: trap_request=0xffffff45 fr.pc=0x0000027de6608194 relative=0x00000000000005b4
Event: 81.884 Thread 0x0000027df9793a20 Uncommon trap: reason=unstable_if action=reinterpret pc=0x0000027de6608194 method=java.util.regex.Matcher.search(I)Z @ 76 c2
Event: 81.884 Thread 0x0000027df9793a20 DEOPT PACKING pc=0x0000027de6608194 sp=0x000000ef4affbfc0
Event: 81.884 Thread 0x0000027df9793a20 DEOPT UNPACKING pc=0x0000027de5b4a1a3 sp=0x000000ef4affbf28 mode 2
Event: 81.884 Thread 0x0000027df9793a20 Uncommon trap: trap_request=0xffffff45 fr.pc=0x0000027de63d420c relative=0x000000000000054c
Event: 81.884 Thread 0x0000027df9793a20 Uncommon trap: reason=unstable_if action=reinterpret pc=0x0000027de63d420c method=java.util.regex.Matcher.search(I)Z @ 76 c2
Event: 81.884 Thread 0x0000027df9793a20 DEOPT PACKING pc=0x0000027de63d420c sp=0x000000ef4affbf50
Event: 81.884 Thread 0x0000027df9793a20 DEOPT UNPACKING pc=0x0000027de5b4a1a3 sp=0x000000ef4affbf30 mode 2

Classes unloaded (0 events):
No events

Classes redefined (0 events):
No events

Internal exceptions (20 events):
Event: 81.809 Thread 0x0000027df9793a20 Exception <a 'java/lang/ClassNotFoundException'{0x00000000eabfa3d8}: com/android/build/gradle/internal/tasks/ValidateSigningTaskBeanInfo> (0x00000000eabfa3d8) 
thrown [s\src\hotspot\share\classfile\systemDictionary.cpp, line 256]
Event: 81.810 Thread 0x0000027df9793a20 Exception <a 'java/lang/ClassNotFoundException'{0x00000000eaa05930}: com/android/build/gradle/internal/tasks/ValidateSigningTaskCustomizer> (0x00000000eaa05930) 
thrown [s\src\hotspot\share\classfile\systemDictionary.cpp, line 256]
Event: 81.810 Thread 0x0000027df9793a20 Exception <a 'java/lang/ClassNotFoundException'{0x00000000eaa22ed0}: com/android/build/gradle/internal/tasks/ValidateSigningTask_DecoratedCustomizer> (0x00000000eaa22ed0) 
thrown [s\src\hotspot\share\classfile\systemDictionary.cpp, line 256]
Event: 81.813 Thread 0x0000027df9793a20 Exception <a 'java/lang/ClassNotFoundException'{0x00000000eaa8f298}: com/android/build/gradle/internal/tasks/AppMetadataTask_DecoratedBeanInfo> (0x00000000eaa8f298) 
thrown [s\src\hotspot\share\classfile\systemDictionary.cpp, line 256]
Event: 81.814 Thread 0x0000027df9793a20 Exception <a 'java/lang/ClassNotFoundException'{0x00000000eaa9a218}: com/android/build/gradle/internal/tasks/AppMetadataTaskBeanInfo> (0x00000000eaa9a218) 
thrown [s\src\hotspot\share\classfile\systemDictionary.cpp, line 256]
Event: 81.814 Thread 0x0000027df9793a20 Exception <a 'java/lang/ClassNotFoundException'{0x00000000eaaa51a0}: com/android/build/gradle/internal/tasks/AppMetadataTaskCustomizer> (0x00000000eaaa51a0) 
thrown [s\src\hotspot\share\classfile\systemDictionary.cpp, line 256]
Event: 81.815 Thread 0x0000027df9793a20 Exception <a 'java/lang/ClassNotFoundException'{0x00000000eaac1d18}: com/android/build/gradle/internal/tasks/AppMetadataTask_DecoratedCustomizer> (0x00000000eaac1d18) 
thrown [s\src\hotspot\share\classfile\systemDictionary.cpp, line 256]
Event: 81.817 Thread 0x0000027df9793a20 Exception <a 'java/lang/ClassNotFoundException'{0x00000000ea934c60}: com/android/build/gradle/internal/tasks/SigningConfigVersionsWriterTask_DecoratedBeanInfo> (0x00000000ea934c60) 
thrown [s\src\hotspot\share\classfile\systemDictionary.cpp, line 256]
Event: 81.817 Thread 0x0000027df9793a20 Exception <a 'java/lang/ClassNotFoundException'{0x00000000ea93fd50}: com/android/build/gradle/internal/tasks/SigningConfigVersionsWriterTaskBeanInfo> (0x00000000ea93fd50) 
thrown [s\src\hotspot\share\classfile\systemDictionary.cpp, line 256]
Event: 81.818 Thread 0x0000027df9793a20 Exception <a 'java/lang/ClassNotFoundException'{0x00000000ea94b0c0}: com/android/build/gradle/internal/tasks/SigningConfigVersionsWriterTaskCustomizer> (0x00000000ea94b0c0) 
thrown [s\src\hotspot\share\classfile\systemDictionary.cpp, line 256]
Event: 81.818 Thread 0x0000027df9793a20 Exception <a 'java/lang/ClassNotFoundException'{0x00000000ea96f978}: com/android/build/gradle/internal/tasks/SigningConfigVersionsWriterTask_DecoratedCustomizer> (0x00000000ea96f978) 
thrown [s\src\hotspot\share\classfile\systemDictionary.cpp, line 256]
Event: 81.822 Thread 0x0000027df9793a20 Exception <a 'java/lang/ClassNotFoundException'{0x00000000ea81e118}: com/android/build/gradle/tasks/PackageApplication_DecoratedBeanInfo> (0x00000000ea81e118) 
thrown [s\src\hotspot\share\classfile\systemDictionary.cpp, line 256]
Event: 81.823 Thread 0x0000027df9793a20 Exception <a 'java/lang/ClassNotFoundException'{0x00000000ea8291b8}: com/android/build/gradle/tasks/PackageApplicationBeanInfo> (0x00000000ea8291b8) 
thrown [s\src\hotspot\share\classfile\systemDictionary.cpp, line 256]
Event: 81.824 Thread 0x0000027df9793a20 Exception <a 'java/lang/ClassNotFoundException'{0x00000000ea834020}: com/android/build/gradle/tasks/PackageAndroidArtifactBeanInfo> (0x00000000ea834020) 
thrown [s\src\hotspot\share\classfile\systemDictionary.cpp, line 256]
Event: 81.824 Thread 0x0000027df9793a20 Exception <a 'java/lang/ClassNotFoundException'{0x00000000ea83eea8}: com/android/build/gradle/tasks/PackageAndroidArtifactCustomizer> (0x00000000ea83eea8) 
thrown [s\src\hotspot\share\classfile\systemDictionary.cpp, line 256]
Event: 81.825 Thread 0x0000027df9793a20 Exception <a 'java/lang/ClassNotFoundException'{0x00000000ea88db48}: com/android/build/gradle/tasks/PackageApplicationCustomizer> (0x00000000ea88db48) 
thrown [s\src\hotspot\share\classfile\systemDictionary.cpp, line 256]
Event: 81.826 Thread 0x0000027df9793a20 Exception <a 'java/lang/ClassNotFoundException'{0x00000000ea8b3a30}: com/android/build/gradle/tasks/PackageApplication_DecoratedCustomizer> (0x00000000ea8b3a30) 
thrown [s\src\hotspot\share\classfile\systemDictionary.cpp, line 256]
Event: 81.845 Thread 0x0000027df9793a20 Exception <a 'java/lang/NoSuchMethodError'{0x00000000ea7c0f18}: static Lcom/android/build/gradle/internal/profile/TaskMetadata;.<clinit>()V> (0x00000000ea7c0f18) 
thrown [s\src\hotspot\share\prims\jni.cpp, line 1108]
Event: 81.877 Thread 0x0000027df53e00b0 Exception <a 'java/lang/OutOfMemoryError'{0x00000000ea65ee38}: unable to create native thread: possibly out of memory or process/resource limits reached> (0x00000000ea65ee38) 
thrown [s\src\hotspot\share\prims\jvm.cpp, line 2926]
Event: 81.877 Thread 0x0000027df53e00b0 Exception <a 'java/lang/reflect/InvocationTargetException'{0x00000000ea65f3b0}> (0x00000000ea65f3b0) 
thrown [s\src\hotspot\share\runtime\reflection.cpp, line 1127]

VM Operations (20 events):
Event: 31.701 Executing VM operation: Cleanup
Event: 31.701 Executing VM operation: Cleanup done
Event: 41.785 Executing VM operation: Cleanup
Event: 41.785 Executing VM operation: Cleanup done
Event: 46.822 Executing VM operation: Cleanup
Event: 46.822 Executing VM operation: Cleanup done
Event: 52.859 Executing VM operation: Cleanup
Event: 52.859 Executing VM operation: Cleanup done
Event: 71.014 Executing VM operation: Cleanup
Event: 71.014 Executing VM operation: Cleanup done
Event: 72.025 Executing VM operation: Cleanup
Event: 72.025 Executing VM operation: Cleanup done
Event: 81.090 Executing VM operation: Cleanup
Event: 81.111 Executing VM operation: Cleanup done
Event: 81.318 Executing VM operation: G1CollectForAllocation
Event: 81.323 Executing VM operation: G1CollectForAllocation done
Event: 81.594 Executing VM operation: ICBufferFull
Event: 81.594 Executing VM operation: ICBufferFull done
Event: 81.836 Executing VM operation: HandshakeAllThreads
Event: 81.836 Executing VM operation: HandshakeAllThreads done

Events (20 events):
Event: 81.875 Thread 0x0000027df53e18c0 Thread added: 0x0000027df53e18c0
Event: 81.875 Thread 0x0000027df53e3a70 Thread added: 0x0000027df53e3a70
Event: 81.875 Thread 0x0000027df53e13f0 Thread added: 0x0000027df53e13f0
Event: 81.875 Thread 0x0000027df53e0580 Thread added: 0x0000027df53e0580
Event: 81.879 Thread 0x0000027df53e00b0 Thread exited: 0x0000027df53e00b0
Event: 81.879 Thread 0x0000027df53e1d90 Thread exited: 0x0000027df53e1d90
Event: 81.879 Thread 0x0000027df53e3a70 Thread exited: 0x0000027df53e3a70
Event: 81.879 Thread 0x0000027df53e18c0 Thread exited: 0x0000027df53e18c0
Event: 81.879 Thread 0x0000027df53e0f20 Thread exited: 0x0000027df53e0f20
Event: 81.880 Thread 0x0000027df53e0580 Thread exited: 0x0000027df53e0580
Event: 81.880 Thread 0x0000027df53e13f0 Thread exited: 0x0000027df53e13f0
Event: 81.884 loading class java/util/logging/LogRecord
Event: 81.884 loading class java/util/logging/LogRecord done
Event: 81.886 loading class java/time/Clock
Event: 81.886 loading class java/time/InstantSource
Event: 81.886 loading class java/time/InstantSource done
Event: 81.886 loading class java/time/Clock done
Event: 81.887 Thread 0x0000027dfbc47ad0 Thread exited: 0x0000027dfbc47ad0
Event: 81.889 Thread 0x0000027df53e30d0 Thread exited: 0x0000027df53e30d0
Event: 81.889 Thread 0x0000027dfbc47ad0 Thread added: 0x0000027dfbc47ad0


Dynamic libraries:
0x00007ff71b440000 - 0x00007ff71b44a000 	C:\Program Files\Android\Android Studio5\jbr\bin\java.exe
0x00007ffb41cf0000 - 0x00007ffb41f07000 	C:\WINDOWS\SYSTEM32\ntdll.dll
0x00007ffb40cc0000 - 0x00007ffb40d84000 	C:\WINDOWS\System32\KERNEL32.DLL
0x00007ffb3f240000 - 0x00007ffb3f5e6000 	C:\WINDOWS\System32\KERNELBASE.dll
0x00007ffb3f900000 - 0x00007ffb3fa11000 	C:\WINDOWS\System32\ucrtbase.dll
0x00007ffb2cc50000 - 0x00007ffb2cc67000 	C:\Program Files\Android\Android Studio5\jbr\bin\jli.dll
0x00007ffb20c30000 - 0x00007ffb20c4b000 	C:\Program Files\Android\Android Studio5\jbr\bin\VCRUNTIME140.dll
0x00007ffb40270000 - 0x00007ffb4041d000 	C:\WINDOWS\System32\USER32.dll
0x00007ffb3fa20000 - 0x00007ffb3fa46000 	C:\WINDOWS\System32\win32u.dll
0x00007ffb19200000 - 0x00007ffb19493000 	C:\WINDOWS\WinSxS\amd64_microsoft.windows.common-controls_6595b64144ccf1df_6.0.22621.2361_none_2712ced57382f843\COMCTL32.dll
0x00007ffb41420000 - 0x00007ffb41449000 	C:\WINDOWS\System32\GDI32.dll
0x00007ffb3f5f0000 - 0x00007ffb3f708000 	C:\WINDOWS\System32\gdi32full.dll
0x00007ffb40c10000 - 0x00007ffb40cb7000 	C:\WINDOWS\System32\msvcrt.dll
0x00007ffb3f070000 - 0x00007ffb3f10a000 	C:\WINDOWS\System32\msvcp_win.dll
0x00007ffb40030000 - 0x00007ffb40061000 	C:\WINDOWS\System32\IMM32.DLL
0x00007ffb2cab0000 - 0x00007ffb2cabc000 	C:\Program Files\Android\Android Studio5\jbr\bin\vcruntime140_1.dll
0x00007ffb051f0000 - 0x00007ffb0527d000 	C:\Program Files\Android\Android Studio5\jbr\bin\msvcp140.dll
0x00007ffad84a0000 - 0x00007ffad910e000 	C:\Program Files\Android\Android Studio5\jbr\bin\server\jvm.dll
0x00007ffb3fd40000 - 0x00007ffb3fdf0000 	C:\WINDOWS\System32\ADVAPI32.dll
0x00007ffb401c0000 - 0x00007ffb40266000 	C:\WINDOWS\System32\sechost.dll
0x00007ffb40af0000 - 0x00007ffb40c07000 	C:\WINDOWS\System32\RPCRT4.dll
0x00007ffb39aa0000 - 0x00007ffb39ad4000 	C:\WINDOWS\SYSTEM32\WINMM.dll
0x00007ffb300b0000 - 0x00007ffb300b9000 	C:\WINDOWS\SYSTEM32\WSOCK32.dll
0x00007ffb3a060000 - 0x00007ffb3a06a000 	C:\WINDOWS\SYSTEM32\VERSION.dll
0x00007ffb41290000 - 0x00007ffb41301000 	C:\WINDOWS\System32\WS2_32.dll
0x00007ffb3dfe0000 - 0x00007ffb3dff8000 	C:\WINDOWS\SYSTEM32\kernel.appcore.dll
0x00007ffb2fbc0000 - 0x00007ffb2fbca000 	C:\Program Files\Android\Android Studio5\jbr\bin\jimage.dll
0x00007ffb3c8c0000 - 0x00007ffb3caee000 	C:\WINDOWS\SYSTEM32\DBGHELP.DLL
0x00007ffb40d90000 - 0x00007ffb4111a000 	C:\WINDOWS\System32\combase.dll
0x00007ffb41120000 - 0x00007ffb411f7000 	C:\WINDOWS\System32\OLEAUT32.dll
0x00007ffb39a60000 - 0x00007ffb39a92000 	C:\WINDOWS\SYSTEM32\dbgcore.DLL
0x00007ffb3f880000 - 0x00007ffb3f8fa000 	C:\WINDOWS\System32\bcryptPrimitives.dll
0x00007ffb2e830000 - 0x00007ffb2e855000 	C:\Program Files\Android\Android Studio5\jbr\bin\java.dll
0x00007ffb2fb30000 - 0x00007ffb2fb48000 	C:\Program Files\Android\Android Studio5\jbr\bin\zip.dll
0x00007ffb41450000 - 0x00007ffb41ca8000 	C:\WINDOWS\System32\SHELL32.dll
0x00007ffb3cf80000 - 0x00007ffb3d872000 	C:\WINDOWS\SYSTEM32\windows.storage.dll
0x00007ffb3ce40000 - 0x00007ffb3cf7e000 	C:\WINDOWS\SYSTEM32\wintypes.dll
0x00007ffb404b0000 - 0x00007ffb405a3000 	C:\WINDOWS\System32\SHCORE.dll
0x00007ffb3fb40000 - 0x00007ffb3fb9e000 	C:\WINDOWS\System32\shlwapi.dll
0x00007ffb3efa0000 - 0x00007ffb3efc6000 	C:\WINDOWS\SYSTEM32\profapi.dll
0x00007ffb2e760000 - 0x00007ffb2e779000 	C:\Program Files\Android\Android Studio5\jbr\bin\net.dll
0x00007ffb34bf0000 - 0x00007ffb34d27000 	C:\WINDOWS\SYSTEM32\WINHTTP.dll
0x00007ffb3e530000 - 0x00007ffb3e599000 	C:\WINDOWS\system32\mswsock.dll
0x00007ffb2e740000 - 0x00007ffb2e756000 	C:\Program Files\Android\Android Studio5\jbr\bin\nio.dll
0x00007ffb2fbb0000 - 0x00007ffb2fbc0000 	C:\Program Files\Android\Android Studio5\jbr\bin\verify.dll
0x00007ffb13220000 - 0x00007ffb13247000 	C:\Users\Kieu Mai\.gradle\native\e1d6ef7f7dcc3fd88c89a11ec53ec762bb8ba0a96d01ffa2cd45eb1d1d8dd5c5\windows-amd64\native-platform.dll
0x00007ffaff3a0000 - 0x00007ffaff4e4000 	C:\Users\Kieu Mai\.gradle\native\5664cfc778a61ccfe75a443a1ab52a65af34e5dc3c78e0209fed803814484fcb\windows-amd64\native-platform-file-events.dll
0x00007ffb2e820000 - 0x00007ffb2e829000 	C:\Program Files\Android\Android Studio5\jbr\bin\management.dll
0x00007ffb2e730000 - 0x00007ffb2e73b000 	C:\Program Files\Android\Android Studio5\jbr\bin\management_ext.dll
0x00007ffb404a0000 - 0x00007ffb404a8000 	C:\WINDOWS\System32\PSAPI.DLL
0x00007ffb3e780000 - 0x00007ffb3e79b000 	C:\WINDOWS\SYSTEM32\CRYPTSP.dll
0x00007ffb3e000000 - 0x00007ffb3e035000 	C:\WINDOWS\system32\rsaenh.dll
0x00007ffb3e620000 - 0x00007ffb3e64c000 	C:\WINDOWS\SYSTEM32\USERENV.dll
0x00007ffb3e990000 - 0x00007ffb3e9b8000 	C:\WINDOWS\SYSTEM32\bcrypt.dll
0x00007ffb3e7a0000 - 0x00007ffb3e7ac000 	C:\WINDOWS\SYSTEM32\CRYPTBASE.dll
0x00007ffb3db20000 - 0x00007ffb3db4d000 	C:\WINDOWS\SYSTEM32\IPHLPAPI.DLL
0x00007ffb40420000 - 0x00007ffb40429000 	C:\WINDOWS\System32\NSI.dll
0x00007ffb346d0000 - 0x00007ffb346e9000 	C:\WINDOWS\SYSTEM32\dhcpcsvc6.DLL
0x00007ffb346b0000 - 0x00007ffb346cf000 	C:\WINDOWS\SYSTEM32\dhcpcsvc.DLL
0x00007ffb3dba0000 - 0x00007ffb3dc99000 	C:\WINDOWS\SYSTEM32\DNSAPI.dll
0x00007ffb300e0000 - 0x00007ffb300e8000 	C:\WINDOWS\system32\wshunix.dll

dbghelp: loaded successfully - version: 4.0.5 - missing functions: none
symbol engine: initialized successfully - sym options: 0x614 - pdb path: .;C:\Program Files\Android\Android Studio5\jbr\bin;C:\WINDOWS\SYSTEM32;C:\WINDOWS\WinSxS\amd64_microsoft.windows.common-controls_6595b64144ccf1df_6.0.22621.2361_none_2712ced57382f843;C:\Program Files\Android\Android Studio5\jbr\bin\server;C:\Users\Kieu Mai\.gradle\native\e1d6ef7f7dcc3fd88c89a11ec53ec762bb8ba0a96d01ffa2cd45eb1d1d8dd5c5\windows-amd64;C:\Users\Kieu Mai\.gradle\native\5664cfc778a61ccfe75a443a1ab52a65af34e5dc3c78e0209fed803814484fcb\windows-amd64

VM Arguments:
jvm_args: --add-exports=java.base/sun.nio.ch=ALL-UNNAMED --add-opens=java.base/java.lang=ALL-UNNAMED --add-opens=java.base/java.lang.reflect=ALL-UNNAMED --add-opens=java.base/java.io=ALL-UNNAMED --add-exports=jdk.unsupported/sun.misc=ALL-UNNAMED --add-opens=java.base/java.util=ALL-UNNAMED --add-opens=java.base/java.lang=ALL-UNNAMED --add-opens=java.base/java.lang.invoke=ALL-UNNAMED --add-opens=java.base/java.util=ALL-UNNAMED --add-opens=java.prefs/java.util.prefs=ALL-UNNAMED --add-opens=java.prefs/java.util.prefs=ALL-UNNAMED --add-opens=java.base/java.nio.charset=ALL-UNNAMED --add-opens=java.base/java.net=ALL-UNNAMED --add-opens=java.base/java.util.concurrent.atomic=ALL-UNNAMED -Xmx1536M -Dfile.encoding=windows-1252 -Duser.country=US -Duser.language=en -Duser.variant -Xmx512M 
java_command: org.gradle.launcher.daemon.bootstrap.GradleDaemon 7.2
java_class_path (initial): C:\Users\Kieu Mai\.gradle\wrapper\dists\gradle-7.2-bin\2dnblmf4td7x66yl1d74lt32g\gradle-7.2\lib\gradle-launcher-7.2.jar
Launcher Type: SUN_STANDARD

[Global flags]
     intx CICompilerCount                          = 4                                         {product} {ergonomic}
     uint ConcGCThreads                            = 2                                         {product} {ergonomic}
     uint G1ConcRefinementThreads                  = 8                                         {product} {ergonomic}
   size_t G1HeapRegionSize                         = 1048576                                   {product} {ergonomic}
    uintx GCDrainStackTargetSize                   = 64                                        {product} {ergonomic}
   size_t InitialHeapSize                          = 264241152                                 {product} {ergonomic}
   size_t MarkStackSize                            = 4194304                                   {product} {ergonomic}
   size_t MaxHeapSize                              = 536870912                                 {product} {command line}
   size_t MaxNewSize                               = 321912832                                 {product} {ergonomic}
   size_t MinHeapDeltaBytes                        = 1048576                                   {product} {ergonomic}
   size_t MinHeapSize                              = 8388608                                   {product} {ergonomic}
    uintx NonNMethodCodeHeapSize                   = 5839372                                {pd product} {ergonomic}
    uintx NonProfiledCodeHeapSize                  = 122909434                              {pd product} {ergonomic}
    uintx ProfiledCodeHeapSize                     = 122909434                              {pd product} {ergonomic}
    uintx ReservedCodeCacheSize                    = 251658240                              {pd product} {ergonomic}
     bool SegmentedCodeCache                       = true                                      {product} {ergonomic}
   size_t SoftMaxHeapSize                          = 536870912                              {manageable} {ergonomic}
     bool UseCompressedClassPointers               = true                           {product lp64_product} {ergonomic}
     bool UseCompressedOops                        = true                           {product lp64_product} {ergonomic}
     bool UseG1GC                                  = true                                      {product} {ergonomic}
     bool UseLargePagesIndividualAllocation        = false                                  {pd product} {ergonomic}

Logging:
Log output configuration:
 #0: stdout all=warning uptime,level,tags
 #1: stderr all=off uptime,level,tags

Environment Variables:
JAVA_HOME=C:\Program Files\Java\jdk-14.0.2
_JAVA_OPTIONS=-Xmx512M
PATH=C:\Program Files (x86)\Common Files\Oracle\Java\javapath;C:\WINDOWS\system32;C:\WINDOWS;C:\WINDOWS\System32\Wbem;C:\WINDOWS\System32\WindowsPowerShell\v1.0\;C:\WINDOWS\System32\OpenSSH\;C:\Program Files\Java\jdk-14.0.2\bin;C:\Program Files\dotnet\;C:\Program Files\Microsoft SQL Server\Client SDK\ODBC\170\Tools\Binn\;C:\Program Files (x86)\Microsoft SQL Server\150\Tools\Binn\;C:\Program Files\Microsoft SQL Server\150\Tools\Binn\;C:\Program Files\Microsoft SQL Server\150\DTS\Binn\;C:\Program Files (x86)\Microsoft SQL Server\150\DTS\Binn\;C:\Program Files\Git\cmd;C:\Users\Kieu Mai\AppData\Local\Microsoft\WindowsApps;C:\Program Files\Azure Data Studio\bin;C:\Users\Kieu Mai\AppData\Local\Programs\Microsoft VS Code\bin;C:\Users\Kieu Mai\AppData\Local\GitHubDesktop\bin
USERNAME=Kieu Mai
OS=Windows_NT
PROCESSOR_IDENTIFIER=Intel64 Family 6 Model 140 Stepping 1, GenuineIntel
TMP=C:\Users\Kieu Mai\AppData\Local\Temp
TEMP=C:\Users\Kieu Mai\AppData\Local\Temp


JNI global refs:
JNI global refs: 26, weak refs: 6

JNI global refs memory usage: 843, weak refs: 841


---------------  S Y S T E M  ---------------

OS:
 Windows 11 , 64 bit Build 22621 (10.0.22621.2428)
OS uptime: 0 days 21:01 hours
Hyper-V role detected

CPU: total 8 (initial active 8) (4 cores per cpu, 2 threads per core) family 6 model 140 stepping 1 microcode 0xac, cx8, cmov, fxsr, ht, mmx, 3dnowpref, sse, sse2, sse3, ssse3, sse4.1, sse4.2, popcnt, lzcnt, tsc, tscinvbit, avx, avx2, aes, erms, clmul, bmi1, bmi2, adx, avx512f, avx512dq, avx512cd, avx512bw, avx512vl, sha, fma, vzeroupper, avx512_vpopcntdq, avx512_vpclmulqdq, avx512_vaes, avx512_vnni, clflush, clflushopt, clwb, avx512_vbmi2, avx512_vbmi, hv

Memory: 4k page, system-wide physical 16110M (4263M free)
TotalPageFile size 16110M (AvailPageFile size 3M)
current process WorkingSet (physical memory assigned to process): 479M, peak: 488M
current process commit charge ("private bytes"): 523M, peak: 534M

vm_info: OpenJDK 64-Bit Server VM (17.0.6+0-b2043.56-10027231) for windows-amd64 JRE (17.0.6+0-b2043.56-10027231), built on Apr 28 2023 00:43:19 by "androidbuild" with MS VC++ 16.10 / 16.11 (VS2019)

END.
